@General| com.umeng.commonsdk.statistics.common.DataHelper.encrypt(?:2->124) ==> AES/CBC/PKCS7Padding
@General| com.mob.guard.impl.d.onResumed(SourceFile:7) ==> com.peopletech.usercenter.mvp.ui.activity.LoginActivity@9ade22d
@General| com.mob.mcl.c.j.onResumed(TcpHelper.java:5) ==> com.peopletech.usercenter.mvp.ui.activity.LoginActivity@9ade22d
@General| com.mob.commons.a$5.onFBChanged(CltsInitializer.java:461) ==> App goes fg.
@General| com.mob.tools.log.NLog.d(NLog.java:119->121) ==> App goes fg.
@General| com.mob.tools.log.NLog.println(NLog.java:301) ==> (
@General| com.mob.tools.log.NLog.println(NLog.java:301) ==> Thread-7
@General| com.mob.tools.log.NLog.println(NLog.java:301) ==> ) 
@General| com.mob.tools.log.NLog.println(NLog.java:301) ==> App goes fg.
@General| com.mob.tools.log.NLog.println(NLog.java:303->306) ==> MOBSDK
@General| com.mob.commons.logcollector.DefaultLogsCollector.log(DefaultLogsCollector.java:67) ==> 8702-8741(Thread-7) App goes fg.
@General| com.mob.commons.logcollector.DefaultLogsCollector.log(DefaultLogsCollector.java:67) ==> MOBTOOLS
@General| com.mob.commons.logcollector.DefaultLogsCollector.log(DefaultLogsCollector.java:70) ==> MOBSDK
@General| com.mob.commons.logcollector.DefaultLogsCollector.log(DefaultLogsCollector.java:78) ==> SHARESDK
@General| com.peopletech.commonview.base.BaseViewActivity.nightModeConfig(BaseViewActivity.java:161) ==> isNightMode
@General| com.peopletech.mine.manager.SettingsManager.isNightMode(?:2->72) ==> night_mode_status
@General| com.peopletech.arms.utils.PreferenceUtils.getBoolPreference(PreferenceUtils.java:52) ==> config
@General| com.peopletech.arms.utils.PreferenceUtils.getBoolPreference(PreferenceUtils.java:52) ==> night_mode_status
@General| com.umeng.commonsdk.statistics.internal.PreferenceWrapper.getDefault(?:4->29) ==> umeng_general_config
@General| com.umeng.commonsdk.statistics.common.ULog.d(ULog.java:226) ==> --->>> dispatch:handleEvent: call back workEvent with msg type [ 0x1100]
@General| com.umeng.commonsdk.statistics.common.ULog.d(ULog.java:226) ==> --->>> dispatch:handleEvent: call back workEvent with msg type [ 0x1007]
@General| com.umeng.commonsdk.statistics.common.MLog.d(MLog.java:225) ==> MobclickAgent
@General| com.umeng.commonsdk.statistics.common.MLog.d(MLog.java:225) ==> 延续上一个会话: F662DCD3D4EC6A6C22E0EE1A4AC0D503
@General| com.peopletech.commonsdk.utils.CommonUtils.hideKeyboard(?:4->617) ==> input_method
@General| com.efs.sdk.base.a.h.c.b.a(SourceFile:50->55) ==> MD5
@General| com.efs.sdk.base.a.h.b.c.b(SourceFile:40) ==> post
@General| com.efs.sdk.base.a.h.b.b.a(SourceFile:1099) ==> https://errlog.umeng.com/api/crashsdk/logcollect?chk=8d6845ce&vno=1772581897183&uuid=202fa10e-3496-4707-8c9f-e18b1940fefb&app=28ef1713347d&zip=gzip
@General| com.efs.sdk.base.a.h.b.a.post(SourceFile:277) ==> https://errlog.umeng.com/api/crashsdk/logcollect?chk=8d6845ce&vno=1772581897183&uuid=202fa10e-3496-4707-8c9f-e18b1940fefb&app=28ef1713347d&zip=gzip
@General| com.efs.sdk.base.a.h.b.a.a(SourceFile:92) ==> https://errlog.umeng.com/api/crashsdk/logcollect?chk=8d6845ce&vno=1772581897183&uuid=202fa10e-3496-4707-8c9f-e18b1940fefb&app=28ef1713347d&zip=gzip
@General| com.efs.sdk.base.a.h.b.a.a(SourceFile:106) ==> Content-Length
@General| com.efs.sdk.base.a.h.b.a.a(SourceFile:106) ==> 404
@General| com.efs.sdk.base.a.h.b.a.a(SourceFile:106) ==> Content-Type
@General| com.efs.sdk.base.a.h.b.a.a(SourceFile:106) ==> application/x-www-form-urlencoded
@General| com.efs.sdk.base.a.h.b.a.post(SourceFile:277->279) ==> POST
@General| com.efs.sdk.base.a.h.b.a.post(SourceFile:279) ==> close
@General| com.efs.sdk.base.a.h.b.a.post(SourceFile:280) ==> Connection
@General| com.efs.sdk.base.a.h.b.a.post(SourceFile:280) ==> close
@General| com.efs.sdk.base.a.h.b.a.post(SourceFile:301) ==> https://errlog.umeng.com/api/crashsdk/logcollect?chk=8d6845ce&vno=1772581897183&uuid=202fa10e-3496-4707-8c9f-e18b1940fefb&app=28ef1713347d&zip=gzip
@General| com.peopletech.commonsdk.utils.StringUtils.trim(StringUtils.java:48) ==> 138 2345 7693
@General| com.peopletech.commonsdk.utils.StringUtils.trim(StringUtils.java:48) ==>  
@General| com.peopletech.commonsdk.utils.StringUtils.trim(StringUtils.java:48) ==> 
@General| com.peopletech.commonsdk.utils.StringUtils.trim(StringUtils.java:49) ==> 13823457693
@General| com.peopletech.arms.utils.ArmsUtils.obtainAppComponentFromContext(?:2) ==> %s cannot be null
@General| com.peopletech.arms.utils.ArmsUtils.obtainAppComponentFromContext(ArmsUtils.java:450) ==> android.content.Context
@General| com.peopletech.arms.utils.ArmsUtils.obtainAppComponentFromContext(ArmsUtils.java:450) ==> %s cannot be null
@General| com.peopletech.arms.utils.ArmsUtils.obtainAppComponentFromContext(ArmsUtils.java:451) ==> Application does not implements App
@General| com.peopletech.arms.base.BaseApplication.getAppComponent(BaseApplication.java:86) ==> %s cannot be null
@General| com.peopletech.arms.base.BaseApplication.getAppComponent(BaseApplication.java:86) ==> com.peopletech.arms.base.delegate.AppDelegate
@General| com.peopletech.arms.base.BaseApplication.getAppComponent(BaseApplication.java:87) ==> %s must be implements %s
@General| com.peopletech.arms.base.BaseApplication.getAppComponent(BaseApplication.java:87) ==> com.peopletech.arms.base.delegate.AppDelegate
@General| com.peopletech.arms.base.BaseApplication.getAppComponent(BaseApplication.java:87) ==> com.peopletech.arms.base.App
@General| com.peopletech.arms.utils.RxLifecycleUtils.bindToLifecycle(?:2) ==> view == null
@General| com.peopletech.arms.utils.RxLifecycleUtils.bindToLifecycle(?:2) ==> lifecycleable == null
@General| okhttp3.Request$Builder.<init>(Request.java:126) ==> GET
@General| retrofit2.BuiltInConverters$ToStringConverter.convert(BuiltInConverters.java:93) ==> 3
@General| okhttp3.HttpUrl$Builder.<init>(HttpUrl.java:977->969->978) ==> 
@General| okhttp3.HttpUrl$Builder.parse(HttpUrl.java:1306->1307->1310) ==> https://newrduser.peopletech.cn/user/get_verify_code
@General| okhttp3.HttpUrl$Builder.parse(HttpUrl.java:1312) ==> https:
@General| okhttp3.HttpUrl$Builder.parse(HttpUrl.java:1312) ==> https
@General| okhttp3.HttpUrl$Builder.parse(HttpUrl.java:1313) ==> https:
@General| okhttp3.HttpUrl$Builder.parse(HttpUrl.java:1332) ==> https://newrduser.peopletech.cn/user/get_verify_code
@General| okhttp3.HttpUrl$Builder.parse(HttpUrl.java:1412) ==> @/\?#
@General| okhttp3.HttpUrl$Builder.parse(HttpUrl.java:1346) ==> https://newrduser.peopletech.cn/user/get_verify_code
@General| okhttp3.HttpUrl$Builder.parse(HttpUrl.java:1346) ==> @/\?#
@General| okhttp3.HttpUrl$Builder.parse(HttpUrl.java:1383->1392) ==> https://newrduser.peopletech.cn/user/get_verify_code
@General| okhttp3.HttpUrl.percentDecode(HttpUrl.java:1627) ==> newrduser.peopletech.cn
@General| okhttp3.HttpUrl$Builder.canonicalizeHost(HttpUrl.java:1583->1584) ==> newrduser.peopletech.cn
@General| okhttp3.internal.Util.canonicalizeHost(Util.java:410->414) ==> newrduser.peopletech.cn
@General| okhttp3.HttpUrl$Builder.parse(HttpUrl.java:1392) ==> newrduser.peopletech.cn
@General| okhttp3.HttpUrl$Builder.parse(HttpUrl.java:1393) ==> https
@General| okhttp3.HttpUrl.defaultPort(?:2) ==> http
@General| okhttp3.HttpUrl.defaultPort(HttpUrl.java:510) ==> https
@General| okhttp3.HttpUrl$Builder.parse(HttpUrl.java:1395) ==> ?#
@General| okhttp3.HttpUrl$Builder.parse(HttpUrl.java:1417) ==> https://newrduser.peopletech.cn/user/get_verify_code
@General| okhttp3.HttpUrl$Builder.parse(HttpUrl.java:1417) ==> ?#
@General| okhttp3.HttpUrl$Builder.parse(HttpUrl.java:1418) ==> https://newrduser.peopletech.cn/user/get_verify_code
@General| okhttp3.HttpUrl$Builder.resolvePath(HttpUrl.java:1448) ==> 
@General| okhttp3.HttpUrl$Builder.resolvePath(HttpUrl.java:1448) ==> /\
@General| okhttp3.HttpUrl$Builder.resolvePath(HttpUrl.java:1457) ==> https://newrduser.peopletech.cn/user/get_verify_code
@General| okhttp3.HttpUrl$Builder.resolvePath(HttpUrl.java:1457) ==> /\
@General| okhttp3.HttpUrl$Builder.resolvePath(HttpUrl.java:1459) ==> https://newrduser.peopletech.cn/user/get_verify_code
@General| okhttp3.HttpUrl$Builder.push(?:2) ==>  "<>^`{}|/\?#
@General| okhttp3.HttpUrl$Builder.push(HttpUrl.java:1468) ==> https://newrduser.peopletech.cn/user/get_verify_code
@General| okhttp3.HttpUrl$Builder.push(HttpUrl.java:1468) ==>  "<>^`{}|/\?#
@General| okhttp3.HttpUrl.canonicalize(HttpUrl.java:1696) ==> user
@General| okhttp3.HttpUrl$Builder.push(HttpUrl.java:1468->1470) ==> user
@General| okhttp3.HttpUrl$Builder.isDot(HttpUrl.java:1488) ==> %2e
@General| okhttp3.HttpUrl$Builder.push(HttpUrl.java:1473) ==> user
@General| okhttp3.HttpUrl$Builder.isDotDot(?:2) ==> ..
@General| okhttp3.HttpUrl$Builder.isDotDot(HttpUrl.java:1492->1493) ==> %2e.
@General| okhttp3.HttpUrl$Builder.isDotDot(HttpUrl.java:1494) ==> .%2e
@General| okhttp3.HttpUrl$Builder.isDotDot(HttpUrl.java:1494->1495) ==> %2e%2e
@General| okhttp3.HttpUrl.canonicalize(HttpUrl.java:1696) ==> get_verify_code
@General| okhttp3.HttpUrl$Builder.push(HttpUrl.java:1468->1470->1473) ==> get_verify_code
@General| okhttp3.HttpUrl$Builder.addQueryParameter(HttpUrl.java:1152) ==> flag
@General| okhttp3.HttpUrl$Builder.addQueryParameter(HttpUrl.java:1152) ==>  !"#$&'(),/:;<=>?@[]\^`{|}~
@General| okhttp3.HttpUrl.canonicalize(HttpUrl.java:1750) ==> flag
@General| okhttp3.HttpUrl.canonicalize(HttpUrl.java:1750) ==>  !"#$&'(),/:;<=>?@[]\^`{|}~
@General| okhttp3.HttpUrl.canonicalize(HttpUrl.java:1696) ==> flag
@General| okhttp3.HttpUrl$Builder.addQueryParameter(HttpUrl.java:1153) ==>  !"#$&'(),/:;<=>?@[]\^`{|}~
@General| okhttp3.HttpUrl$Builder.addQueryParameter(HttpUrl.java:1154) ==> 3
@General| okhttp3.HttpUrl$Builder.addQueryParameter(HttpUrl.java:1154) ==>  !"#$&'(),/:;<=>?@[]\^`{|}~
@General| okhttp3.HttpUrl.canonicalize(HttpUrl.java:1750->1696) ==> 3
@General| okhttp3.HttpUrl$Builder.addQueryParameter(HttpUrl.java:1152) ==> phone
@General| okhttp3.HttpUrl.canonicalize(HttpUrl.java:1750->1696) ==> phone
@General| okhttp3.HttpUrl.canonicalize(HttpUrl.java:1750->1696) ==> 13823457693
@General| okhttp3.HttpUrl$Builder.addQueryParameter(HttpUrl.java:1152) ==> hasThird
@General| okhttp3.HttpUrl.canonicalize(HttpUrl.java:1750->1696) ==> hasThird
@General| okhttp3.HttpUrl.canonicalize(HttpUrl.java:1750->1696) ==> 
@General| okhttp3.HttpUrl.canonicalize(HttpUrl.java:1750->1696) ==> type
@General| okhttp3.HttpUrl.percentDecode(HttpUrl.java:1601->1627) ==> 
@General| okhttp3.HttpUrl.percentDecode(HttpUrl.java:1609->1601->1627) ==> user
@General| okhttp3.HttpUrl.percentDecode(HttpUrl.java:1601->1627) ==> get_verify_code
@General| okhttp3.HttpUrl.percentDecode(HttpUrl.java:1601->1627) ==> flag
@General| okhttp3.HttpUrl.percentDecode(HttpUrl.java:1601->1627) ==> 3
@General| okhttp3.HttpUrl.percentDecode(HttpUrl.java:1601->1627) ==> phone
@General| okhttp3.HttpUrl.percentDecode(HttpUrl.java:1601->1627) ==> 13823457693
@General| okhttp3.HttpUrl.percentDecode(HttpUrl.java:1601->1627) ==> hasThird
@General| okhttp3.HttpUrl.percentDecode(HttpUrl.java:1609->1601->1627) ==> type
@General| okhttp3.HttpUrl$Builder.toString(HttpUrl.java:1261->1262) ==> ://
@General| okhttp3.HttpUrl$Builder.toString(HttpUrl.java:1283) ==> https
@General| okhttp3.HttpUrl.pathSegmentsToString(HttpUrl.java:554) ==> user
@General| okhttp3.HttpUrl.pathSegmentsToString(HttpUrl.java:554) ==> get_verify_code
@General| okhttp3.HttpUrl.namesAndValuesToQueryString(HttpUrl.java:624) ==> flag
@General| okhttp3.HttpUrl.namesAndValuesToQueryString(HttpUrl.java:627) ==> 3
@General| okhttp3.HttpUrl.namesAndValuesToQueryString(HttpUrl.java:624) ==> phone
@General| okhttp3.HttpUrl.namesAndValuesToQueryString(HttpUrl.java:627) ==> 13823457693
@General| okhttp3.HttpUrl.namesAndValuesToQueryString(HttpUrl.java:624) ==> hasThird
@General| okhttp3.HttpUrl.namesAndValuesToQueryString(HttpUrl.java:627) ==> 
@General| okhttp3.HttpUrl.namesAndValuesToQueryString(HttpUrl.java:624) ==> type
@General| okhttp3.HttpUrl$Builder.toString(HttpUrl.java:1300) ==> https://newrduser.peopletech.cn/user/get_verify_code?flag=3&phone=13823457693&hasThird=&type=
@General| okhttp3.HttpUrl.<init>(HttpUrl.java:351) ==> https://newrduser.peopletech.cn/user/get_verify_code?flag=3&phone=13823457693&hasThird=&type=
@General| okhttp3.Request$Builder.method(Request.java:257) ==> GET
@General| okhttp3.internal.http.HttpMethod.requiresRequestBody(?:2) ==> POST
@General| okhttp3.internal.http.HttpMethod.requiresRequestBody(HttpMethod.java:28) ==> PUT
@General| okhttp3.internal.http.HttpMethod.requiresRequestBody(HttpMethod.java:29) ==> PATCH
@General| okhttp3.internal.http.HttpMethod.requiresRequestBody(HttpMethod.java:30) ==> PROPPATCH
@General| okhttp3.internal.http.HttpMethod.requiresRequestBody(HttpMethod.java:31) ==> REPORT
@General| okhttp3.RealCall.captureCallStackTrace(RealCall.java:89) ==> response.body().close()
@General| okhttp3.internal.platform.AndroidPlatform.getStackTraceForCloseable(AndroidPlatform.java:158) ==> response.body().close()
@General| com.peopletech.arms.utils.MD5Util.getMD5(?:2->13) ==> MD5
@General| com.peopletech.arms.utils.MD5Util.getMD5(MD5Util.java:22) ==> a1
@General| com.peopletech.arms.utils.MD5Util.getMD5(MD5Util.java:22) ==> 7d
@General| com.peopletech.arms.utils.MD5Util.getMD5(MD5Util.java:22) ==> e2
@General| com.peopletech.arms.utils.MD5Util.getMD5(MD5Util.java:22) ==> 3b
@General| com.peopletech.arms.utils.MD5Util.getMD5(MD5Util.java:22) ==> 7c
@General| com.peopletech.arms.utils.MD5Util.getMD5(MD5Util.java:20) ==> 0
@General| com.peopletech.arms.utils.MD5Util.getMD5(MD5Util.java:20) ==> 6
@General| com.peopletech.arms.utils.MD5Util.getMD5(MD5Util.java:22) ==> 06
@General| com.peopletech.arms.utils.MD5Util.getMD5(MD5Util.java:22) ==> de
@General| com.peopletech.arms.utils.MD5Util.getMD5(MD5Util.java:22) ==> 14
@General| com.peopletech.arms.utils.MD5Util.getMD5(MD5Util.java:22) ==> 9c
@General| com.peopletech.arms.utils.MD5Util.getMD5(MD5Util.java:22) ==> 66
@General| com.peopletech.arms.utils.MD5Util.getMD5(MD5Util.java:22) ==> e8
@General| com.peopletech.arms.utils.MD5Util.getMD5(MD5Util.java:22) ==> 7b
@General| com.peopletech.arms.utils.MD5Util.getMD5(MD5Util.java:22) ==> 6e
@General| com.peopletech.arms.utils.MD5Util.getMD5(MD5Util.java:20) ==> 5
@General| com.peopletech.arms.utils.MD5Util.getMD5(MD5Util.java:22) ==> 05
@General| com.peopletech.arms.utils.MD5Util.getMD5(MD5Util.java:22) ==> 87
@General| okhttp3.Request$Builder.addHeader(Request.java:196) ==> ts
@General| okhttp3.Request$Builder.addHeader(Request.java:196) ==> 1772581919
@General| okhttp3.Headers$Builder.add(Headers.java:290) ==> ts
@General| okhttp3.Headers$Builder.add(Headers.java:290) ==> 1772581919
@General| okhttp3.Headers$Builder.add(Headers.java:291) ==> ts
@General| okhttp3.Headers$Builder.add(Headers.java:291) ==> 1772581919
@General| okhttp3.Headers$Builder.addLenient(Headers.java:312) ==> 1772581919
@General| okhttp3.Request$Builder.addHeader(Request.java:196) ==> dataSourceId
@General| okhttp3.Request$Builder.addHeader(Request.java:196) ==> 100001
@General| okhttp3.Headers$Builder.add(Headers.java:290) ==> dataSourceId
@General| okhttp3.Headers$Builder.add(Headers.java:290) ==> 100001
@General| okhttp3.Headers$Builder.add(Headers.java:291) ==> dataSourceId
@General| okhttp3.Headers$Builder.add(Headers.java:291) ==> 100001
@General| okhttp3.Headers$Builder.addLenient(Headers.java:312) ==> 100001
@General| okhttp3.Request$Builder.addHeader(Request.java:196) ==> appSecret
@General| okhttp3.Request$Builder.addHeader(Request.java:196) ==> 10a17de23b7c06de149c66e87b6e0587
@General| okhttp3.Headers$Builder.add(Headers.java:290) ==> appSecret
@General| okhttp3.Headers$Builder.add(Headers.java:290) ==> 10a17de23b7c06de149c66e87b6e0587
@General| okhttp3.Headers$Builder.add(Headers.java:291) ==> appSecret
@General| okhttp3.Headers$Builder.add(Headers.java:291) ==> 10a17de23b7c06de149c66e87b6e0587
@General| okhttp3.Headers$Builder.addLenient(Headers.java:312) ==> 10a17de23b7c06de149c66e87b6e0587
@General| okhttp3.HttpUrl.encodedUsername(HttpUrl.java:412) ==> 
@General| okhttp3.HttpUrl.newBuilder(HttpUrl.java:874) ==> 
@General| okhttp3.HttpUrl.encodedPassword(HttpUrl.java:445) ==> 
@General| okhttp3.HttpUrl.newBuilder(HttpUrl.java:875) ==> 
@General| okhttp3.HttpUrl.newBuilder(HttpUrl.java:878) ==> https
@General| okhttp3.HttpUrl.encodedPathSegments(HttpUrl.java:571) ==> ?#
@General| okhttp3.HttpUrl.encodedPathSegments(HttpUrl.java:571->575) ==> https://newrduser.peopletech.cn/user/get_verify_code?flag=3&phone=13823457693&hasThird=&type=
@General| okhttp3.HttpUrl.encodedPathSegments(HttpUrl.java:576) ==> get_verify_code
@General| okhttp3.HttpUrl.encodedQuery(HttpUrl.java:615) ==> https://newrduser.peopletech.cn/user/get_verify_code?flag=3&phone=13823457693&hasThird=&type=
@General| okhttp3.HttpUrl.encodedQuery(HttpUrl.java:616) ==> flag=3&phone=13823457693&hasThird=&type=
@General| okhttp3.HttpUrl.newBuilder(HttpUrl.java:881) ==> flag=3&phone=13823457693&hasThird=&type=
@General| okhttp3.HttpUrl$Builder.encodedQuery(?:4) ==>  "'<>#
@General| okhttp3.HttpUrl$Builder.encodedQuery(HttpUrl.java:1142) ==> flag=3&phone=13823457693&hasThird=&type=
@General| okhttp3.HttpUrl$Builder.encodedQuery(HttpUrl.java:1142) ==>  "'<>#
@General| okhttp3.HttpUrl.canonicalize(HttpUrl.java:1750) ==> flag=3&phone=13823457693&hasThird=&type=
@General| okhttp3.HttpUrl.canonicalize(HttpUrl.java:1750) ==>  "'<>#
@General| okhttp3.HttpUrl.canonicalize(HttpUrl.java:1696) ==> flag=3&phone=13823457693&hasThird=&type=
@General| okhttp3.HttpUrl$Builder.encodedQuery(HttpUrl.java:1141) ==> flag=3&phone=13823457693&hasThird=&type=
@General| okhttp3.HttpUrl.queryStringToNamesAndValues(HttpUrl.java:649) ==> flag
@General| okhttp3.HttpUrl.queryStringToNamesAndValues(HttpUrl.java:650) ==> 3
@General| okhttp3.HttpUrl.queryStringToNamesAndValues(HttpUrl.java:649) ==> phone
@General| okhttp3.HttpUrl.queryStringToNamesAndValues(HttpUrl.java:650) ==> 13823457693
@General| okhttp3.HttpUrl.queryStringToNamesAndValues(HttpUrl.java:649) ==> hasThird
@General| okhttp3.HttpUrl.queryStringToNamesAndValues(HttpUrl.java:650) ==> 
@General| okhttp3.HttpUrl.queryStringToNamesAndValues(HttpUrl.java:649) ==> type
@General| okhttp3.HttpUrl.url(HttpUrl.java:357) ==> https://newrduser.peopletech.cn/user/get_verify_code?flag=3&phone=13823457693&hasThird=&type=
@General| com.peopletech.commonsdk.http.ParamsInterceptor.intercept(ParamsInterceptor.java:29) ==> https://newrduser.peopletech.cn/user/get_verify_code?flag=3&phone=13823457693&hasThird=&type=
@General| com.peopletech.arms.utils.DeviceParameter.getVersionName(DeviceParameter.java:619) ==> com.renda.activity
@General| com.peopletech.arms.utils.DeviceParameter.getVersionCode(DeviceParameter.java:630) ==> com.renda.activity
@General| com.peopletech.arms.utils.DeviceParameter.getVersionCode(DeviceParameter.java:631) ==> 
@General| com.peopletech.arms.utils.DeviceParameter.getOSVersion(?:2) ==> 0
@General| com.peopletech.commonsdk.utils.CommonUtils.getChannelFromManifest(CommonUtils.java:118) ==> com.renda.activity
@General| com.peopletech.commonsdk.utils.CommonUtils.getChannelFromManifest(CommonUtils.java:119) ==> UMENG_CHANNEL
@General| com.peopletech.commonsdk.http.ParamsInterceptor.intercept(ParamsInterceptor.java:34) ==> clientVersionCode
@General| com.peopletech.commonsdk.http.ParamsInterceptor.isExist(ParamsInterceptor.java:57) ==> clientVersionCode
@General| com.peopletech.commonsdk.http.ParamsInterceptor.intercept(ParamsInterceptor.java:35) ==> clientVersionCode
@General| com.peopletech.commonsdk.http.ParamsInterceptor.intercept(ParamsInterceptor.java:35) ==> 28
@General| okhttp3.HttpUrl$Builder.addQueryParameter(HttpUrl.java:1152) ==> clientVersionCode
@General| okhttp3.HttpUrl.canonicalize(HttpUrl.java:1750->1696) ==> clientVersionCode
@General| okhttp3.HttpUrl.canonicalize(HttpUrl.java:1750->1696) ==> 28
@General| com.peopletech.commonsdk.http.ParamsInterceptor.isExist(ParamsInterceptor.java:57) ==> pjCode
@General| com.peopletech.commonsdk.http.ParamsInterceptor.intercept(ParamsInterceptor.java:35) ==> pjCode
@General| com.peopletech.commonsdk.http.ParamsInterceptor.intercept(ParamsInterceptor.java:35) ==> zgrd_10_201812
@General| okhttp3.HttpUrl$Builder.addQueryParameter(HttpUrl.java:1152) ==> pjCode
@General| okhttp3.HttpUrl.canonicalize(HttpUrl.java:1750->1696) ==> pjCode
@General| okhttp3.HttpUrl.canonicalize(HttpUrl.java:1750->1696) ==> zgrd_10_201812
@General| com.peopletech.commonsdk.http.ParamsInterceptor.isExist(ParamsInterceptor.java:57) ==> device_size
@General| com.peopletech.commonsdk.http.ParamsInterceptor.intercept(ParamsInterceptor.java:35) ==> device_size
@General| com.peopletech.commonsdk.http.ParamsInterceptor.intercept(ParamsInterceptor.java:35) ==> 900.0x1600.0
@General| okhttp3.HttpUrl$Builder.addQueryParameter(HttpUrl.java:1152) ==> device_size
@General| okhttp3.HttpUrl.canonicalize(HttpUrl.java:1750->1696) ==> device_size
@General| okhttp3.HttpUrl.canonicalize(HttpUrl.java:1750->1696) ==> 900.0x1600.0
@General| com.peopletech.commonsdk.http.ParamsInterceptor.isExist(ParamsInterceptor.java:57) ==> deviceOs
@General| com.peopletech.commonsdk.http.ParamsInterceptor.intercept(ParamsInterceptor.java:35) ==> deviceOs
@General| com.peopletech.commonsdk.http.ParamsInterceptor.intercept(ParamsInterceptor.java:35) ==> 9
@General| okhttp3.HttpUrl$Builder.addQueryParameter(HttpUrl.java:1152) ==> deviceOs
@General| okhttp3.HttpUrl.canonicalize(HttpUrl.java:1750->1696) ==> deviceOs
@General| okhttp3.HttpUrl.canonicalize(HttpUrl.java:1750->1696) ==> 9
@General| com.peopletech.commonsdk.http.ParamsInterceptor.isExist(ParamsInterceptor.java:57) ==> channel
@General| com.peopletech.commonsdk.http.ParamsInterceptor.intercept(ParamsInterceptor.java:35) ==> channel
@General| com.peopletech.commonsdk.http.ParamsInterceptor.intercept(ParamsInterceptor.java:35) ==> rd
@General| okhttp3.HttpUrl$Builder.addQueryParameter(HttpUrl.java:1152) ==> channel
@General| okhttp3.HttpUrl.canonicalize(HttpUrl.java:1750->1696) ==> channel
@General| okhttp3.HttpUrl.canonicalize(HttpUrl.java:1750->1696) ==> rd
@General| com.peopletech.commonsdk.http.ParamsInterceptor.isExist(ParamsInterceptor.java:57) ==> deviceModel
@General| com.peopletech.commonsdk.http.ParamsInterceptor.intercept(ParamsInterceptor.java:35) ==> deviceModel
@General| com.peopletech.commonsdk.http.ParamsInterceptor.intercept(ParamsInterceptor.java:35) ==> google-G011A
@General| okhttp3.HttpUrl$Builder.addQueryParameter(HttpUrl.java:1152) ==> deviceModel
@General| okhttp3.HttpUrl.canonicalize(HttpUrl.java:1750->1696) ==> deviceModel
@General| okhttp3.HttpUrl.canonicalize(HttpUrl.java:1750->1696) ==> google-G011A
@General| com.peopletech.commonsdk.http.ParamsInterceptor.isExist(ParamsInterceptor.java:57) ==> clientVersion
@General| com.peopletech.commonsdk.http.ParamsInterceptor.intercept(ParamsInterceptor.java:35) ==> clientVersion
@General| com.peopletech.commonsdk.http.ParamsInterceptor.intercept(ParamsInterceptor.java:35) ==> 2.2.6
@General| okhttp3.HttpUrl$Builder.addQueryParameter(HttpUrl.java:1152) ==> clientVersion
@General| okhttp3.HttpUrl.canonicalize(HttpUrl.java:1750->1696) ==> clientVersion
@General| okhttp3.HttpUrl.canonicalize(HttpUrl.java:1750->1696) ==> 2.2.6
@General| com.peopletech.commonsdk.http.ParamsInterceptor.isExist(ParamsInterceptor.java:57) ==> platform
@General| com.peopletech.commonsdk.http.ParamsInterceptor.intercept(ParamsInterceptor.java:35) ==> platform
@General| com.peopletech.commonsdk.http.ParamsInterceptor.intercept(ParamsInterceptor.java:35) ==> android
@General| okhttp3.HttpUrl$Builder.addQueryParameter(HttpUrl.java:1152) ==> platform
@General| okhttp3.HttpUrl.canonicalize(HttpUrl.java:1750->1696) ==> platform
@General| okhttp3.HttpUrl.canonicalize(HttpUrl.java:1750->1696) ==> android
@General| okhttp3.HttpUrl$Builder.effectivePort(HttpUrl.java:1039) ==> https
@General| okhttp3.HttpUrl.percentDecode(HttpUrl.java:1609->1601->1627) ==> clientVersionCode
@General| okhttp3.HttpUrl.percentDecode(HttpUrl.java:1601->1627) ==> 28
@General| okhttp3.HttpUrl.percentDecode(HttpUrl.java:1601->1627) ==> pjCode
@General| okhttp3.HttpUrl.percentDecode(HttpUrl.java:1601->1627) ==> zgrd_10_201812
@General| okhttp3.HttpUrl.percentDecode(HttpUrl.java:1601->1627) ==> device_size
@General| okhttp3.HttpUrl.percentDecode(HttpUrl.java:1601->1627) ==> 900.0x1600.0
@General| okhttp3.HttpUrl.percentDecode(HttpUrl.java:1601->1627) ==> deviceOs
@General| okhttp3.HttpUrl.percentDecode(HttpUrl.java:1601->1627) ==> 9
@General| okhttp3.HttpUrl.percentDecode(HttpUrl.java:1601->1627) ==> channel
@General| okhttp3.HttpUrl.percentDecode(HttpUrl.java:1601->1627) ==> rd
@General| okhttp3.HttpUrl.percentDecode(HttpUrl.java:1601->1627) ==> deviceModel
@General| okhttp3.HttpUrl.percentDecode(HttpUrl.java:1601->1627) ==> google-G011A
@General| okhttp3.HttpUrl.percentDecode(HttpUrl.java:1601->1627) ==> clientVersion
@General| okhttp3.HttpUrl.percentDecode(HttpUrl.java:1601->1627) ==> 2.2.6
@General| okhttp3.HttpUrl.percentDecode(HttpUrl.java:1601->1627) ==> platform
@General| okhttp3.HttpUrl.percentDecode(HttpUrl.java:1601->1627) ==> android
@General| okhttp3.HttpUrl.namesAndValuesToQueryString(HttpUrl.java:627) ==> 28
@General| okhttp3.HttpUrl.namesAndValuesToQueryString(HttpUrl.java:624) ==> pjCode
@General| okhttp3.HttpUrl.namesAndValuesToQueryString(HttpUrl.java:627) ==> zgrd_10_201812
@General| okhttp3.HttpUrl.namesAndValuesToQueryString(HttpUrl.java:624) ==> device_size
@General| okhttp3.HttpUrl.namesAndValuesToQueryString(HttpUrl.java:627) ==> 900.0x1600.0
@General| okhttp3.HttpUrl.namesAndValuesToQueryString(HttpUrl.java:624) ==> deviceOs
@General| okhttp3.HttpUrl.namesAndValuesToQueryString(HttpUrl.java:627) ==> 9
@General| okhttp3.HttpUrl.namesAndValuesToQueryString(HttpUrl.java:624) ==> channel
@General| okhttp3.HttpUrl.namesAndValuesToQueryString(HttpUrl.java:627) ==> rd
@General| okhttp3.HttpUrl.namesAndValuesToQueryString(HttpUrl.java:624) ==> deviceModel
@General| okhttp3.HttpUrl.namesAndValuesToQueryString(HttpUrl.java:627) ==> google-G011A
@General| okhttp3.HttpUrl.namesAndValuesToQueryString(HttpUrl.java:624) ==> clientVersion
@General| okhttp3.HttpUrl.namesAndValuesToQueryString(HttpUrl.java:627) ==> 2.2.6
@General| okhttp3.HttpUrl.namesAndValuesToQueryString(HttpUrl.java:624) ==> platform
@General| okhttp3.HttpUrl.namesAndValuesToQueryString(HttpUrl.java:627) ==> android
@General| okhttp3.HttpUrl$Builder.toString(HttpUrl.java:1300) ==> https://newrduser.peopletech.cn/user/get_verify_code?flag=3&phone=13823457693&hasThird=&type=&clientVersionCode=28&pjCode=zgrd_10_201812&device_size=900.0x1600.0&deviceOs=9&channel=rd&deviceModel=google-G011A&clientVersion=2.2.6&platform=android
@General| okhttp3.HttpUrl.<init>(HttpUrl.java:351) ==> https://newrduser.peopletech.cn/user/get_verify_code?flag=3&phone=13823457693&hasThird=&type=&clientVersionCode=28&pjCode=zgrd_10_201812&device_size=900.0x1600.0&deviceOs=9&channel=rd&deviceModel=google-G011A&clientVersion=2.2.6&platform=android
@General| com.peopletech.commonsdk.http.HttpUtils$1.intercept(HttpUtils.java:23) ==> Content-Type
@General| com.peopletech.commonsdk.http.HttpUtils$1.intercept(HttpUtils.java:23) ==> application/json
@General| com.peopletech.commonsdk.http.HttpUtils$1.intercept(HttpUtils.java:24) ==> Content-Type
@General| com.peopletech.commonsdk.http.HttpUtils$1.intercept(HttpUtils.java:24) ==> application/json
@General| okhttp3.Request$Builder.addHeader(Request.java:196) ==> Content-Type
@General| okhttp3.Request$Builder.addHeader(Request.java:196) ==> application/json
@General| okhttp3.Headers$Builder.add(Headers.java:290) ==> Content-Type
@General| okhttp3.Headers$Builder.add(Headers.java:290) ==> application/json
@General| okhttp3.Headers$Builder.add(Headers.java:291) ==> Content-Type
@General| okhttp3.Headers$Builder.add(Headers.java:291) ==> application/json
@General| okhttp3.Headers$Builder.addLenient(Headers.java:312) ==> application/json
@General| com.peopletech.commonsdk.http.UserAgentInterceptor.intercept(UserAgentInterceptor.java:26->27) ==> User-Agent
@General| okhttp3.Headers$Builder.removeAll(Headers.java:318) ==> ts
@General| okhttp3.Headers$Builder.removeAll(Headers.java:318) ==> dataSourceId
@General| okhttp3.Headers$Builder.removeAll(Headers.java:318) ==> appSecret
@General| okhttp3.Headers$Builder.removeAll(Headers.java:318) ==> Content-Type
@General| com.peopletech.commonsdk.http.UserAgentInterceptor.intercept(UserAgentInterceptor.java:28) ==> User-Agent
@General| com.peopletech.commonsdk.http.UserAgentInterceptor.intercept(UserAgentInterceptor.java:28) ==> Mozilla/5.0 (Linux; Android 9; G011A Build/PI; wv) AppleWebKit/537.36 (KHTML, like Gecko) Version/4.0 Chrome/138.0.7204.179 Mobile Safari/537.36
@General| okhttp3.Request$Builder.addHeader(Request.java:196) ==> User-Agent
@General| okhttp3.Request$Builder.addHeader(Request.java:196) ==> Mozilla/5.0 (Linux; Android 9; G011A Build/PI; wv) AppleWebKit/537.36 (KHTML, like Gecko) Version/4.0 Chrome/138.0.7204.179 Mobile Safari/537.36
@General| okhttp3.Headers$Builder.add(Headers.java:290) ==> User-Agent
@General| okhttp3.Headers$Builder.add(Headers.java:290) ==> Mozilla/5.0 (Linux; Android 9; G011A Build/PI; wv) AppleWebKit/537.36 (KHTML, like Gecko) Version/4.0 Chrome/138.0.7204.179 Mobile Safari/537.36
@General| okhttp3.Headers$Builder.add(Headers.java:291) ==> User-Agent
@General| okhttp3.Headers$Builder.add(Headers.java:291) ==> Mozilla/5.0 (Linux; Android 9; G011A Build/PI; wv) AppleWebKit/537.36 (KHTML, like Gecko) Version/4.0 Chrome/138.0.7204.179 Mobile Safari/537.36
@General| okhttp3.Headers$Builder.addLenient(Headers.java:312) ==> Mozilla/5.0 (Linux; Android 9; G011A Build/PI; wv) AppleWebKit/537.36 (KHTML, like Gecko) Version/4.0 Chrome/138.0.7204.179 Mobile Safari/537.36
@General| okhttp3.Request.headers(Request.java:65) ==> Domain-Name
@General| okhttp3.Headers.values(Headers.java:103) ==> ts
@General| okhttp3.Headers.values(Headers.java:103) ==> dataSourceId
@General| okhttp3.Headers.values(Headers.java:103) ==> appSecret
@General| okhttp3.Headers.values(Headers.java:103) ==> Content-Type
@General| okhttp3.Headers.values(Headers.java:103) ==> User-Agent
@General| okhttp3.HttpUrl.isHttps(HttpUrl.java:397) ==> https
@General| okhttp3.internal.http.RetryAndFollowUpInterceptor.createAddress(RetryAndFollowUpInterceptor.java:210->212) ==> newrduser.peopletech.cn
@General| okhttp3.Address.<init>(Address.java:57) ==> https
@General| okhttp3.HttpUrl$Builder.scheme(?:4->984) ==> http
@General| okhttp3.HttpUrl$Builder.scheme(HttpUrl.java:986) ==> https
@General| okhttp3.Address.<init>(Address.java:58) ==> newrduser.peopletech.cn
@General| okhttp3.HttpUrl$Builder.host(HttpUrl.java:1026) ==> newrduser.peopletech.cn
@General| okhttp3.HttpUrl.pathSegmentsToString(HttpUrl.java:554) ==> 
@General| okhttp3.HttpUrl$Builder.toString(HttpUrl.java:1300) ==> https://newrduser.peopletech.cn/
@General| okhttp3.HttpUrl.<init>(HttpUrl.java:351) ==> https://newrduser.peopletech.cn/
@General| okhttp3.HttpUrl.encodedPathSegments(HttpUrl.java:571->575) ==> https://newrduser.peopletech.cn/
@General| okhttp3.HttpUrl$Builder.reencodeForUri(HttpUrl.java:1234) ==> []
@General| okhttp3.HttpUrl$Builder.reencodeForUri(HttpUrl.java:1235) ==> 
@General| okhttp3.HttpUrl$Builder.reencodeForUri(HttpUrl.java:1235) ==> []
@General| okhttp3.HttpUrl.canonicalize(HttpUrl.java:1750) ==> []
@General| okhttp3.HttpUrl.uri(HttpUrl.java:377->379) ==> https://newrduser.peopletech.cn/
@General| okhttp3.internal.http.BridgeInterceptor.intercept(BridgeInterceptor.java:68) ==> Host
@General| okhttp3.Request.header(Request.java:61) ==> Host
@General[]| okhttp3.Headers.get(Headers.java:63) ==> new String[]{ts,1772581919,dataSourceId,100001,appSecret,10a17de23b7c06de149c66e87b6e0587,Content-Type,application/json,User-Agent,Mozilla/5.0 (Linux; Android 9; G011A Build/PI; wv) AppleWebKit/537.36 (KHTML, like Gecko) Version/4.0 Chrome/138.0.7204.179 Mobile Safari/537.36}
@General| okhttp3.Headers.get(Headers.java:63) ==> Host
@General| okhttp3.Headers.get(Headers.java:195) ==> User-Agent
@General| okhttp3.Headers.get(Headers.java:195) ==> Content-Type
@General| okhttp3.Headers.get(Headers.java:195) ==> appSecret
@General| okhttp3.Headers.get(Headers.java:195) ==> dataSourceId
@General| okhttp3.Headers.get(Headers.java:195) ==> ts
@General| okhttp3.internal.Util.hostHeader(Util.java:288) ==> newrduser.peopletech.cn
@General| okhttp3.internal.Util.hostHeader(Util.java:288) ==> :
@General| okhttp3.internal.Util.hostHeader(Util.java:290) ==> newrduser.peopletech.cn
@General| okhttp3.internal.Util.hostHeader(Util.java:291) ==> https
@General| okhttp3.internal.http.BridgeInterceptor.intercept(BridgeInterceptor.java:69) ==> newrduser.peopletech.cn
@General| okhttp3.internal.http.BridgeInterceptor.intercept(BridgeInterceptor.java:69) ==> Host
@General| okhttp3.Request$Builder.header(Request.java:184) ==> Host
@General| okhttp3.Request$Builder.header(Request.java:184) ==> newrduser.peopletech.cn
@General| okhttp3.Headers$Builder.set(Headers.java:332) ==> Host
@General| okhttp3.Headers$Builder.set(Headers.java:332) ==> newrduser.peopletech.cn
@General| okhttp3.Headers$Builder.set(Headers.java:333) ==> Host
@General| okhttp3.Headers$Builder.removeAll(Headers.java:318) ==> User-Agent
@General| okhttp3.Headers$Builder.set(Headers.java:334) ==> Host
@General| okhttp3.Headers$Builder.set(Headers.java:334) ==> newrduser.peopletech.cn
@General| okhttp3.Headers$Builder.addLenient(Headers.java:312) ==> newrduser.peopletech.cn
@General| okhttp3.internal.http.BridgeInterceptor.intercept(BridgeInterceptor.java:69->72) ==> Connection
@General| okhttp3.Headers.get(Headers.java:63) ==> Connection
@General| okhttp3.internal.http.BridgeInterceptor.intercept(BridgeInterceptor.java:72) ==> Keep-Alive
@General| okhttp3.internal.http.BridgeInterceptor.intercept(BridgeInterceptor.java:73) ==> Connection
@General| okhttp3.internal.http.BridgeInterceptor.intercept(BridgeInterceptor.java:73) ==> Keep-Alive
@General| okhttp3.Request$Builder.header(Request.java:184) ==> Connection
@General| okhttp3.Request$Builder.header(Request.java:184) ==> Keep-Alive
@General| okhttp3.Headers$Builder.set(Headers.java:332) ==> Connection
@General| okhttp3.Headers$Builder.set(Headers.java:332) ==> Keep-Alive
@General| okhttp3.Headers$Builder.set(Headers.java:333) ==> Connection
@General| okhttp3.Headers$Builder.removeAll(Headers.java:318) ==> Host
@General| okhttp3.Headers$Builder.set(Headers.java:334) ==> Connection
@General| okhttp3.Headers$Builder.set(Headers.java:334) ==> Keep-Alive
@General| okhttp3.Headers$Builder.addLenient(Headers.java:312) ==> Keep-Alive
@General| okhttp3.internal.http.BridgeInterceptor.intercept(BridgeInterceptor.java:73->79) ==> Accept-Encoding
@General| okhttp3.Headers.get(Headers.java:63) ==> Accept-Encoding
@General| okhttp3.internal.http.BridgeInterceptor.intercept(BridgeInterceptor.java:79) ==> Range
@General| okhttp3.Request.header(Request.java:61) ==> Range
@General| okhttp3.Headers.get(Headers.java:63) ==> Range
@General| okhttp3.internal.http.BridgeInterceptor.intercept(BridgeInterceptor.java:79) ==> gzip
@General| okhttp3.internal.http.BridgeInterceptor.intercept(BridgeInterceptor.java:81) ==> Accept-Encoding
@General| okhttp3.internal.http.BridgeInterceptor.intercept(BridgeInterceptor.java:81) ==> gzip
@General| okhttp3.Request$Builder.header(Request.java:184) ==> Accept-Encoding
@General| okhttp3.Request$Builder.header(Request.java:184) ==> gzip
@General| okhttp3.Headers$Builder.set(Headers.java:332) ==> Accept-Encoding
@General| okhttp3.Headers$Builder.set(Headers.java:332) ==> gzip
@General| okhttp3.Headers$Builder.set(Headers.java:333) ==> Accept-Encoding
@General| okhttp3.Headers$Builder.removeAll(Headers.java:318) ==> Connection
@General| okhttp3.Headers$Builder.set(Headers.java:334) ==> Accept-Encoding
@General| okhttp3.Headers$Builder.set(Headers.java:334) ==> gzip
@General| okhttp3.Headers$Builder.addLenient(Headers.java:312) ==> gzip
@General| okhttp3.internal.http.BridgeInterceptor.intercept(BridgeInterceptor.java:86->89) ==> User-Agent
@General| okhttp3.Headers.get(Headers.java:63) ==> User-Agent
@General| okhttp3.Headers.get(Headers.java:63) ==> Mozilla/5.0 (Linux; Android 9; G011A Build/PI; wv) AppleWebKit/537.36 (KHTML, like Gecko) Version/4.0 Chrome/138.0.7204.179 Mobile Safari/537.36
@General| okhttp3.Request.header(Request.java:61) ==> Mozilla/5.0 (Linux; Android 9; G011A Build/PI; wv) AppleWebKit/537.36 (KHTML, like Gecko) Version/4.0 Chrome/138.0.7204.179 Mobile Safari/537.36
@General| okhttp3.internal.http.BridgeInterceptor.intercept(BridgeInterceptor.java:89) ==> Mozilla/5.0 (Linux; Android 9; G011A Build/PI; wv) AppleWebKit/537.36 (KHTML, like Gecko) Version/4.0 Chrome/138.0.7204.179 Mobile Safari/537.36
@General| okhttp3.CacheControl.parse(CacheControl.java:170) ==> ts
@General| okhttp3.CacheControl.parse(CacheControl.java:171) ==> 1772581919
@General| okhttp3.CacheControl.parse(CacheControl.java:171->173) ==> Cache-Control
@General| okhttp3.CacheControl.parse(CacheControl.java:180) ==> Pragma
@General| okhttp3.CacheControl.parse(CacheControl.java:170) ==> dataSourceId
@General| okhttp3.CacheControl.parse(CacheControl.java:171) ==> 100001
@General| okhttp3.CacheControl.parse(CacheControl.java:170) ==> appSecret
@General| okhttp3.CacheControl.parse(CacheControl.java:171) ==> 10a17de23b7c06de149c66e87b6e0587
@General| okhttp3.CacheControl.parse(CacheControl.java:170) ==> Content-Type
@General| okhttp3.CacheControl.parse(CacheControl.java:171) ==> application/json
@General| okhttp3.CacheControl.parse(CacheControl.java:170) ==> User-Agent
@General| okhttp3.CacheControl.parse(CacheControl.java:171) ==> Mozilla/5.0 (Linux; Android 9; G011A Build/PI; wv) AppleWebKit/537.36 (KHTML, like Gecko) Version/4.0 Chrome/138.0.7204.179 Mobile Safari/537.36
@General| okhttp3.CacheControl.parse(CacheControl.java:170) ==> Host
@General| okhttp3.CacheControl.parse(CacheControl.java:171) ==> newrduser.peopletech.cn
@General| okhttp3.CacheControl.parse(CacheControl.java:170) ==> Connection
@General| okhttp3.CacheControl.parse(CacheControl.java:171) ==> Keep-Alive
@General| okhttp3.CacheControl.parse(CacheControl.java:170) ==> Accept-Encoding
@General| okhttp3.CacheControl.parse(CacheControl.java:171) ==> gzip
@General| okhttp3.internal.connection.ConnectInterceptor.intercept(ConnectInterceptor.java:41) ==> GET
@General| okhttp3.internal.connection.RealConnection.isEligible(RealConnection.java:441) ==> newrduser.peopletech.cn
@General| okhttp3.internal.connection.RealConnection.isEligible(RealConnection.java:441) ==> newrdapi.peopletech.cn
@General| okhttp3.internal.connection.RealConnection.supportsUrl(RealConnection.java:480) ==> newrduser.peopletech.cn
@General| okhttp3.internal.http.RequestLine.get(RequestLine.java:34) ==> GET
@General| okhttp3.HttpUrl.encodedPath(HttpUrl.java:547) ==> ?#
@General| okhttp3.HttpUrl.encodedPath(HttpUrl.java:547) ==> https://newrduser.peopletech.cn/user/get_verify_code?flag=3&phone=13823457693&hasThird=&type=&clientVersionCode=28&pjCode=zgrd_10_201812&device_size=900.0x1600.0&deviceOs=9&channel=rd&deviceModel=google-G011A&clientVersion=2.2.6&platform=android
@General| okhttp3.HttpUrl.encodedPath(HttpUrl.java:548) ==> /user/get_verify_code
@General| okhttp3.internal.http.RequestLine.requestPath(RequestLine.java:60) ==> /user/get_verify_code
@General| okhttp3.HttpUrl.encodedQuery(HttpUrl.java:615) ==> https://newrduser.peopletech.cn/user/get_verify_code?flag=3&phone=13823457693&hasThird=&type=&clientVersionCode=28&pjCode=zgrd_10_201812&device_size=900.0x1600.0&deviceOs=9&channel=rd&deviceModel=google-G011A&clientVersion=2.2.6&platform=android
@General| okhttp3.HttpUrl.encodedQuery(HttpUrl.java:616) ==> flag=3&phone=13823457693&hasThird=&type=&clientVersionCode=28&pjCode=zgrd_10_201812&device_size=900.0x1600.0&deviceOs=9&channel=rd&deviceModel=google-G011A&clientVersion=2.2.6&platform=android
@General| okhttp3.internal.http.RequestLine.requestPath(RequestLine.java:61) ==> flag=3&phone=13823457693&hasThird=&type=&clientVersionCode=28&pjCode=zgrd_10_201812&device_size=900.0x1600.0&deviceOs=9&channel=rd&deviceModel=google-G011A&clientVersion=2.2.6&platform=android
@General| okhttp3.internal.http.RequestLine.requestPath(RequestLine.java:62) ==> /user/get_verify_code
@General| okhttp3.internal.http.RequestLine.requestPath(RequestLine.java:62) ==> flag=3&phone=13823457693&hasThird=&type=&clientVersionCode=28&pjCode=zgrd_10_201812&device_size=900.0x1600.0&deviceOs=9&channel=rd&deviceModel=google-G011A&clientVersion=2.2.6&platform=android
@General| okhttp3.internal.http.RequestLine.requestPath(RequestLine.java:62) ==> /user/get_verify_code?flag=3&phone=13823457693&hasThird=&type=&clientVersionCode=28&pjCode=zgrd_10_201812&device_size=900.0x1600.0&deviceOs=9&channel=rd&deviceModel=google-G011A&clientVersion=2.2.6&platform=android
@General| okhttp3.internal.http.RequestLine.get(RequestLine.java:40) ==> /user/get_verify_code?flag=3&phone=13823457693&hasThird=&type=&clientVersionCode=28&pjCode=zgrd_10_201812&device_size=900.0x1600.0&deviceOs=9&channel=rd&deviceModel=google-G011A&clientVersion=2.2.6&platform=android
@General| okhttp3.internal.http.RequestLine.get(RequestLine.java:40->43) ==>  HTTP/1.1
@General| okhttp3.internal.http1.Http1Codec.writeRequestHeaders(Http1Codec.java:128->130) ==> GET /user/get_verify_code?flag=3&phone=13823457693&hasThird=&type=&clientVersionCode=28&pjCode=zgrd_10_201812&device_size=900.0x1600.0&deviceOs=9&channel=rd&deviceModel=google-G011A&clientVersion=2.2.6&platform=android HTTP/1.1
@General| okio.RealBufferedSink.writeUtf8(RealBufferedSink.java:53) ==> GET /user/get_verify_code?flag=3&phone=13823457693&hasThird=&type=&clientVersionCode=28&pjCode=zgrd_10_201812&device_size=900.0x1600.0&deviceOs=9&channel=rd&deviceModel=google-G011A&clientVersion=2.2.6&platform=android HTTP/1.1
@General| okio.Buffer.writeUtf8(Buffer.java:871) ==> GET /user/get_verify_code?flag=3&phone=13823457693&hasThird=&type=&clientVersionCode=28&pjCode=zgrd_10_201812&device_size=900.0x1600.0&deviceOs=9&channel=rd&deviceModel=google-G011A&clientVersion=2.2.6&platform=android HTTP/1.1
@General| okhttp3.internal.http1.Http1Codec.writeRequest(Http1Codec.java:172) ==> 

@General| okio.RealBufferedSink.writeUtf8(RealBufferedSink.java:53) ==> 

@General| okio.Buffer.writeUtf8(Buffer.java:871) ==> 

@General| okhttp3.internal.http1.Http1Codec.writeRequest(Http1Codec.java:174) ==> ts
@General| okio.RealBufferedSink.writeUtf8(RealBufferedSink.java:53) ==> ts
@General| okio.Buffer.writeUtf8(Buffer.java:871) ==> ts
@General| okhttp3.internal.http1.Http1Codec.writeRequest(Http1Codec.java:174->175) ==> : 
@General| okio.Buffer.writeUtf8(Buffer.java:871) ==> : 
@General| okhttp3.internal.http1.Http1Codec.writeRequest(Http1Codec.java:176) ==> 1772581919
@General| okio.RealBufferedSink.writeUtf8(RealBufferedSink.java:53) ==> 1772581919
@General| okio.Buffer.writeUtf8(Buffer.java:871) ==> 1772581919
@General| okhttp3.internal.http1.Http1Codec.writeRequest(Http1Codec.java:176->177) ==> 

@General| okio.RealBufferedSink.writeUtf8(RealBufferedSink.java:53) ==> dataSourceId
@General| okio.Buffer.writeUtf8(Buffer.java:871) ==> dataSourceId
@General| okhttp3.internal.http1.Http1Codec.writeRequest(Http1Codec.java:176) ==> 100001
@General| okio.RealBufferedSink.writeUtf8(RealBufferedSink.java:53) ==> 100001
@General| okio.Buffer.writeUtf8(Buffer.java:871) ==> 100001
@General| okhttp3.internal.http1.Http1Codec.writeRequest(Http1Codec.java:174) ==> appSecret
@General| okio.RealBufferedSink.writeUtf8(RealBufferedSink.java:53) ==> appSecret
@General| okio.Buffer.writeUtf8(Buffer.java:871) ==> appSecret
@General| okhttp3.internal.http1.Http1Codec.writeRequest(Http1Codec.java:176) ==> 10a17de23b7c06de149c66e87b6e0587
@General| okio.RealBufferedSink.writeUtf8(RealBufferedSink.java:53) ==> 10a17de23b7c06de149c66e87b6e0587
@General| okio.Buffer.writeUtf8(Buffer.java:871) ==> 10a17de23b7c06de149c66e87b6e0587
@General| okhttp3.internal.http1.Http1Codec.writeRequest(Http1Codec.java:174) ==> Content-Type
@General| okio.RealBufferedSink.writeUtf8(RealBufferedSink.java:53) ==> Content-Type
@General| okio.Buffer.writeUtf8(Buffer.java:871) ==> Content-Type
@General| okhttp3.internal.http1.Http1Codec.writeRequest(Http1Codec.java:176) ==> application/json
@General| okio.RealBufferedSink.writeUtf8(RealBufferedSink.java:53) ==> application/json
@General| okio.Buffer.writeUtf8(Buffer.java:871) ==> application/json
@General| okhttp3.internal.http1.Http1Codec.writeRequest(Http1Codec.java:174) ==> User-Agent
@General| okio.RealBufferedSink.writeUtf8(RealBufferedSink.java:53) ==> User-Agent
@General| okio.Buffer.writeUtf8(Buffer.java:871) ==> User-Agent
@General| okhttp3.internal.http1.Http1Codec.writeRequest(Http1Codec.java:176) ==> Mozilla/5.0 (Linux; Android 9; G011A Build/PI; wv) AppleWebKit/537.36 (KHTML, like Gecko) Version/4.0 Chrome/138.0.7204.179 Mobile Safari/537.36
@General| okio.RealBufferedSink.writeUtf8(RealBufferedSink.java:53) ==> Mozilla/5.0 (Linux; Android 9; G011A Build/PI; wv) AppleWebKit/537.36 (KHTML, like Gecko) Version/4.0 Chrome/138.0.7204.179 Mobile Safari/537.36
@General| okio.Buffer.writeUtf8(Buffer.java:871) ==> Mozilla/5.0 (Linux; Android 9; G011A Build/PI; wv) AppleWebKit/537.36 (KHTML, like Gecko) Version/4.0 Chrome/138.0.7204.179 Mobile Safari/537.36
@General| okhttp3.internal.http1.Http1Codec.writeRequest(Http1Codec.java:174) ==> Host
@General| okio.RealBufferedSink.writeUtf8(RealBufferedSink.java:53) ==> Host
@General| okio.Buffer.writeUtf8(Buffer.java:871) ==> Host
@General| okhttp3.internal.http1.Http1Codec.writeRequest(Http1Codec.java:176) ==> newrduser.peopletech.cn
@General| okio.RealBufferedSink.writeUtf8(RealBufferedSink.java:53) ==> newrduser.peopletech.cn
@General| okio.Buffer.writeUtf8(Buffer.java:871) ==> newrduser.peopletech.cn
@General| okhttp3.internal.http1.Http1Codec.writeRequest(Http1Codec.java:174) ==> Connection
@General| okio.RealBufferedSink.writeUtf8(RealBufferedSink.java:53) ==> Connection
@General| okio.Buffer.writeUtf8(Buffer.java:871) ==> Connection
@General| okhttp3.internal.http1.Http1Codec.writeRequest(Http1Codec.java:176) ==> Keep-Alive
@General| okio.RealBufferedSink.writeUtf8(RealBufferedSink.java:53) ==> Keep-Alive
@General| okio.Buffer.writeUtf8(Buffer.java:871) ==> Keep-Alive
@General| okhttp3.internal.http1.Http1Codec.writeRequest(Http1Codec.java:174) ==> Accept-Encoding
@General| okio.RealBufferedSink.writeUtf8(RealBufferedSink.java:53) ==> Accept-Encoding
@General| okio.Buffer.writeUtf8(Buffer.java:871) ==> Accept-Encoding
@General| okhttp3.internal.http1.Http1Codec.writeRequest(Http1Codec.java:176) ==> gzip
@General| okio.RealBufferedSink.writeUtf8(RealBufferedSink.java:53) ==> gzip
@General| okio.Buffer.writeUtf8(Buffer.java:871) ==> gzip
@General| okhttp3.internal.http1.Http1Codec.writeRequest(Http1Codec.java:179) ==> 

@General| okhttp3.internal.http.CallServerInterceptor.intercept(CallServerInterceptor.java:54) ==> GET
@General| okhttp3.internal.http.HttpMethod.permitsRequestBody(?:2) ==> GET
@General| okio.RealBufferedSource.readUtf8LineStrict(RealBufferedSource.java:236) ==> \n not found: limit=
@General| okio.RealBufferedSource.readUtf8LineStrict(RealBufferedSource.java:236) ==>  content=
@General| okio.RealBufferedSource.readUtf8LineStrict(RealBufferedSource.java:237) ==> 
@General| okio.RealBufferedSource.readUtf8LineStrict(RealBufferedSource.java:237) ==> \n not found: limit=0 content=…
@General| okhttp3.internal.http1.Http1Codec.readResponseHeaders(Http1Codec.java:208) ==> unexpected end of stream on 
@General| okhttp3.internal.connection.RealConnection.toString(RealConnection.java:583) ==> Connection{
@General| okhttp3.internal.connection.RealConnection.toString(RealConnection.java:584) ==> newrduser.peopletech.cn
@General| okhttp3.internal.connection.RealConnection.toString(RealConnection.java:584) ==> :
@General| okhttp3.internal.connection.RealConnection.toString(RealConnection.java:584) ==> , proxy=
@General| okhttp3.internal.connection.RealConnection.toString(RealConnection.java:586) ==>  hostAddress=
@General| okhttp3.internal.connection.RealConnection.toString(RealConnection.java:588) ==>  cipherSuite=
@General| okhttp3.internal.connection.RealConnection.toString(RealConnection.java:590) ==>  protocol=
@General| okhttp3.internal.connection.RealConnection.toString(RealConnection.java:590) ==> Connection{newrduser.peopletech.cn:443, proxy=DIRECT hostAddress=newrduser.peopletech.cn/124.70.125.150:443 cipherSuite=TLS_ECDHE_RSA_WITH_AES_256_GCM_SHA384 protocol=http/1.1}
@General| okhttp3.internal.connection.StreamAllocation.toString(StreamAllocation.java:523) ==> Connection{newrduser.peopletech.cn:443, proxy=DIRECT hostAddress=newrduser.peopletech.cn/124.70.125.150:443 cipherSuite=TLS_ECDHE_RSA_WITH_AES_256_GCM_SHA384 protocol=http/1.1}
@General| okhttp3.internal.http1.Http1Codec.readResponseHeaders(Http1Codec.java:208) ==> unexpected end of stream on Connection{newrduser.peopletech.cn:443, proxy=DIRECT hostAddress=newrduser.peopletech.cn/124.70.125.150:443 cipherSuite=TLS_ECDHE_RSA_WITH_AES_256_GCM_SHA384 protocol=http/1.1}
@General| com.peopletech.arms.http.log.RequestInterceptor.intercept(RequestInterceptor.java:99) ==> Http Error: 
@General| com.peopletech.arms.http.log.RequestInterceptor.intercept(RequestInterceptor.java:99) ==> Http Error: java.io.IOException: unexpected end of stream on Connection{newrduser.peopletech.cn:443, proxy=DIRECT hostAddress=newrduser.peopletech.cn/124.70.125.150:443 cipherSuite=TLS_ECDHE_RSA_WITH_AES_256_GCM_SHA384 protocol=http/1.1}
@General| okhttp3.internal.connection.RouteSelector.resetNextInetSocketAddress(RouteSelector.java:161->182->185) ==> newrduser.peopletech.cn
@General| okhttp3.internal.connection.RouteSelector.resetNextInetSocketAddress(RouteSelector.java:190) ==> newrduser.peopletech.cn
@General| okhttp3.internal.connection.RealConnection.connectTls(RealConnection.java:307) ==> newrduser.peopletech.cn
@General[]| okhttp3.ConnectionSpec.isCompatible(ConnectionSpec.java:192) ==> new String[]{TLSv1,TLSv1.1,TLSv1.2}
@General[]| okhttp3.ConnectionSpec.isCompatible(ConnectionSpec.java:191) ==> new String[]{TLSv1.2,TLSv1.1,TLSv1}
@General[]| okhttp3.ConnectionSpec.isCompatible(ConnectionSpec.java:191) ==> new String[]{TLSv1,TLSv1.1,TLSv1.2}
@General| okhttp3.internal.Util$1.compare(Util.java:79) ==> TLSv1.2
@General| okhttp3.internal.Util$1.compare(Util.java:79->81) ==> TLSv1
@General| okhttp3.internal.Util$1.compare(Util.java:81) ==> TLSv1.1
@General| okhttp3.internal.Util$1.compare(Util.java:81) ==> TLSv1.2
@General[]| okhttp3.ConnectionSpec.isCompatible(ConnectionSpec.java:197) ==> new String[]{TLS_ECDHE_ECDSA_WITH_AES_128_GCM_SHA256,TLS_ECDHE_ECDSA_WITH_AES_256_GCM_SHA384,TLS_ECDHE_ECDSA_WITH_CHACHA20_POLY1305_SHA256,TLS_ECDHE_RSA_WITH_AES_128_GCM_SHA256,TLS_ECDHE_RSA_WITH_AES_256_GCM_SHA384,TLS_ECDHE_RSA_WITH_CHACHA20_POLY1305_SHA256,TLS_ECDHE_ECDSA_WITH_AES_128_CBC_SHA,TLS_ECDHE_ECDSA_WITH_AES_256_CBC_SHA,TLS_ECDHE_RSA_WITH_AES_128_CBC_SHA,TLS_ECDHE_RSA_WITH_AES_256_CBC_SHA,TLS_RSA_WITH_AES_128_GCM_SHA256,TLS_RSA_WITH_AES_256_GCM_SHA384,TLS_RSA_WITH_AES_128_CBC_SHA,TLS_RSA_WITH_AES_256_CBC_SHA,TLS_EMPTY_RENEGOTIATION_INFO_SCSV}
@General[]| okhttp3.ConnectionSpec.isCompatible(ConnectionSpec.java:196) ==> new String[]{TLS_ECDHE_ECDSA_WITH_AES_128_GCM_SHA256,TLS_ECDHE_RSA_WITH_AES_128_GCM_SHA256,TLS_ECDHE_ECDSA_WITH_AES_256_GCM_SHA384,TLS_ECDHE_RSA_WITH_AES_256_GCM_SHA384,TLS_ECDHE_ECDSA_WITH_CHACHA20_POLY1305_SHA256,TLS_ECDHE_RSA_WITH_CHACHA20_POLY1305_SHA256,TLS_ECDHE_RSA_WITH_AES_128_CBC_SHA,TLS_ECDHE_RSA_WITH_AES_256_CBC_SHA,TLS_RSA_WITH_AES_128_GCM_SHA256,TLS_RSA_WITH_AES_256_GCM_SHA384,TLS_RSA_WITH_AES_128_CBC_SHA,TLS_RSA_WITH_AES_256_CBC_SHA,SSL_RSA_WITH_3DES_EDE_CBC_SHA}
@General[]| okhttp3.ConnectionSpec.isCompatible(ConnectionSpec.java:196) ==> new String[]{TLS_ECDHE_ECDSA_WITH_AES_128_GCM_SHA256,TLS_ECDHE_ECDSA_WITH_AES_256_GCM_SHA384,TLS_ECDHE_ECDSA_WITH_CHACHA20_POLY1305_SHA256,TLS_ECDHE_RSA_WITH_AES_128_GCM_SHA256,TLS_ECDHE_RSA_WITH_AES_256_GCM_SHA384,TLS_ECDHE_RSA_WITH_CHACHA20_POLY1305_SHA256,TLS_ECDHE_ECDSA_WITH_AES_128_CBC_SHA,TLS_ECDHE_ECDSA_WITH_AES_256_CBC_SHA,TLS_ECDHE_RSA_WITH_AES_128_CBC_SHA,TLS_ECDHE_RSA_WITH_AES_256_CBC_SHA,TLS_RSA_WITH_AES_128_GCM_SHA256,TLS_RSA_WITH_AES_256_GCM_SHA384,TLS_RSA_WITH_AES_128_CBC_SHA,TLS_RSA_WITH_AES_256_CBC_SHA,TLS_EMPTY_RENEGOTIATION_INFO_SCSV}
@General| okhttp3.CipherSuite$1.compare(CipherSuite.java:49) ==> TLS_ECDHE_ECDSA_WITH_AES_128_GCM_SHA256
@General[]| okhttp3.ConnectionSpec.supportedSpec(ConnectionSpec.java:153) ==> new String[]{TLS_ECDHE_ECDSA_WITH_AES_128_GCM_SHA256,TLS_ECDHE_ECDSA_WITH_AES_256_GCM_SHA384,TLS_ECDHE_ECDSA_WITH_CHACHA20_POLY1305_SHA256,TLS_ECDHE_RSA_WITH_AES_128_GCM_SHA256,TLS_ECDHE_RSA_WITH_AES_256_GCM_SHA384,TLS_ECDHE_RSA_WITH_CHACHA20_POLY1305_SHA256,TLS_ECDHE_ECDSA_WITH_AES_128_CBC_SHA,TLS_ECDHE_ECDSA_WITH_AES_256_CBC_SHA,TLS_ECDHE_RSA_WITH_AES_128_CBC_SHA,TLS_ECDHE_RSA_WITH_AES_256_CBC_SHA,TLS_RSA_WITH_AES_128_GCM_SHA256,TLS_RSA_WITH_AES_256_GCM_SHA384,TLS_RSA_WITH_AES_128_CBC_SHA,TLS_RSA_WITH_AES_256_CBC_SHA,TLS_EMPTY_RENEGOTIATION_INFO_SCSV}
@General[]| okhttp3.ConnectionSpec.supportedSpec(ConnectionSpec.java:153) ==> new String[]{TLS_ECDHE_ECDSA_WITH_AES_128_GCM_SHA256,TLS_ECDHE_RSA_WITH_AES_128_GCM_SHA256,TLS_ECDHE_ECDSA_WITH_AES_256_GCM_SHA384,TLS_ECDHE_RSA_WITH_AES_256_GCM_SHA384,TLS_ECDHE_ECDSA_WITH_CHACHA20_POLY1305_SHA256,TLS_ECDHE_RSA_WITH_CHACHA20_POLY1305_SHA256,TLS_ECDHE_RSA_WITH_AES_128_CBC_SHA,TLS_ECDHE_RSA_WITH_AES_256_CBC_SHA,TLS_RSA_WITH_AES_128_GCM_SHA256,TLS_RSA_WITH_AES_256_GCM_SHA384,TLS_RSA_WITH_AES_128_CBC_SHA,TLS_RSA_WITH_AES_256_CBC_SHA,SSL_RSA_WITH_3DES_EDE_CBC_SHA}
@General| okhttp3.CipherSuite$1.compare(CipherSuite.java:49) ==> TLS_ECDHE_ECDSA_WITH_AES_256_GCM_SHA384
@General| okhttp3.CipherSuite$1.compare(CipherSuite.java:49) ==> TLS_ECDHE_RSA_WITH_AES_128_GCM_SHA256
@General| okhttp3.CipherSuite$1.compare(CipherSuite.java:49) ==> TLS_ECDHE_ECDSA_WITH_CHACHA20_POLY1305_SHA256
@General| okhttp3.CipherSuite$1.compare(CipherSuite.java:49) ==> TLS_ECDHE_RSA_WITH_AES_256_GCM_SHA384
@General| okhttp3.CipherSuite$1.compare(CipherSuite.java:49) ==> TLS_ECDHE_RSA_WITH_CHACHA20_POLY1305_SHA256
@General| okhttp3.CipherSuite$1.compare(CipherSuite.java:49) ==> TLS_ECDHE_ECDSA_WITH_AES_128_CBC_SHA
@General| okhttp3.CipherSuite$1.compare(CipherSuite.java:49) ==> TLS_ECDHE_RSA_WITH_AES_128_CBC_SHA
@General| okhttp3.CipherSuite$1.compare(CipherSuite.java:49) ==> TLS_ECDHE_RSA_WITH_AES_256_CBC_SHA
@General| okhttp3.CipherSuite$1.compare(CipherSuite.java:49) ==> TLS_RSA_WITH_AES_128_GCM_SHA256
@General| okhttp3.CipherSuite$1.compare(CipherSuite.java:49) ==> TLS_RSA_WITH_AES_256_GCM_SHA384
@General| okhttp3.CipherSuite$1.compare(CipherSuite.java:49) ==> TLS_RSA_WITH_AES_128_CBC_SHA
@General| okhttp3.CipherSuite$1.compare(CipherSuite.java:49) ==> TLS_RSA_WITH_AES_256_CBC_SHA
@General| okhttp3.CipherSuite$1.compare(CipherSuite.java:49) ==> SSL_RSA_WITH_3DES_EDE_CBC_SHA
@General| okhttp3.CipherSuite$1.compare(CipherSuite.java:49) ==> TLS_ECDHE_ECDSA_WITH_AES_256_CBC_SHA
@General| okhttp3.CipherSuite$1.compare(CipherSuite.java:49) ==> TLS_EMPTY_RENEGOTIATION_INFO_SCSV
@General[]| okhttp3.ConnectionSpec.supportedSpec(ConnectionSpec.java:153) ==> new String[]{TLS_ECDHE_ECDSA_WITH_AES_128_GCM_SHA256,TLS_ECDHE_ECDSA_WITH_AES_256_GCM_SHA384,TLS_ECDHE_ECDSA_WITH_CHACHA20_POLY1305_SHA256,TLS_ECDHE_RSA_WITH_AES_128_GCM_SHA256,TLS_ECDHE_RSA_WITH_AES_256_GCM_SHA384,TLS_ECDHE_RSA_WITH_CHACHA20_POLY1305_SHA256,TLS_ECDHE_RSA_WITH_AES_128_CBC_SHA,TLS_ECDHE_RSA_WITH_AES_256_CBC_SHA,TLS_RSA_WITH_AES_128_GCM_SHA256,TLS_RSA_WITH_AES_256_GCM_SHA384,TLS_RSA_WITH_AES_128_CBC_SHA,TLS_RSA_WITH_AES_256_CBC_SHA}
@General[]| okhttp3.ConnectionSpec.supportedSpec(ConnectionSpec.java:156) ==> new String[]{TLSv1,TLSv1.1,TLSv1.2}
@General[]| okhttp3.ConnectionSpec.supportedSpec(ConnectionSpec.java:156) ==> new String[]{TLSv1.2,TLSv1.1,TLSv1}
@General[]| okhttp3.ConnectionSpec.supportedSpec(ConnectionSpec.java:161) ==> new String[]{TLS_ECDHE_ECDSA_WITH_AES_128_GCM_SHA256,TLS_ECDHE_RSA_WITH_AES_128_GCM_SHA256,TLS_ECDHE_ECDSA_WITH_AES_256_GCM_SHA384,TLS_ECDHE_RSA_WITH_AES_256_GCM_SHA384,TLS_ECDHE_ECDSA_WITH_CHACHA20_POLY1305_SHA256,TLS_ECDHE_RSA_WITH_CHACHA20_POLY1305_SHA256,TLS_ECDHE_PSK_WITH_CHACHA20_POLY1305_SHA256,TLS_ECDHE_ECDSA_WITH_AES_128_CBC_SHA,TLS_ECDHE_ECDSA_WITH_AES_128_CBC_SHA256,TLS_ECDHE_RSA_WITH_AES_128_CBC_SHA,TLS_ECDHE_RSA_WITH_AES_128_CBC_SHA256,TLS_ECDHE_PSK_WITH_AES_128_CBC_SHA,TLS_ECDHE_ECDSA_WITH_AES_256_CBC_SHA,TLS_ECDHE_ECDSA_WITH_AES_256_CBC_SHA384,TLS_ECDHE_RSA_WITH_AES_256_CBC_SHA,TLS_ECDHE_RSA_WITH_AES_256_CBC_SHA384,TLS_ECDHE_PSK_WITH_AES_256_CBC_SHA,TLS_RSA_WITH_AES_128_GCM_SHA256,TLS_RSA_WITH_AES_256_GCM_SHA384,TLS_RSA_WITH_AES_128_CBC_SHA,TLS_RSA_WITH_AES_128_CBC_SHA256,TLS_PSK_WITH_AES_128_CBC_SHA,TLS_RSA_WITH_AES_256_CBC_SHA,TLS_RSA_WITH_AES_256_CBC_SHA256,TLS_PSK_WITH_AES_256_CBC_SHA,SSL_RSA_WITH_3DES_EDE_CBC_SHA,TLS_EMPTY_RENEGOTIATION_INFO_SCSV,TLS_FALLBACK_SCSV}
@General| okhttp3.ConnectionSpec.supportedSpec(ConnectionSpec.java:162) ==> TLS_FALLBACK_SCSV
@General[]| okhttp3.ConnectionSpec.supportedSpec(ConnectionSpec.java:162) ==> new String[]{TLS_ECDHE_ECDSA_WITH_AES_128_GCM_SHA256,TLS_ECDHE_RSA_WITH_AES_128_GCM_SHA256,TLS_ECDHE_ECDSA_WITH_AES_256_GCM_SHA384,TLS_ECDHE_RSA_WITH_AES_256_GCM_SHA384,TLS_ECDHE_ECDSA_WITH_CHACHA20_POLY1305_SHA256,TLS_ECDHE_RSA_WITH_CHACHA20_POLY1305_SHA256,TLS_ECDHE_PSK_WITH_CHACHA20_POLY1305_SHA256,TLS_ECDHE_ECDSA_WITH_AES_128_CBC_SHA,TLS_ECDHE_ECDSA_WITH_AES_128_CBC_SHA256,TLS_ECDHE_RSA_WITH_AES_128_CBC_SHA,TLS_ECDHE_RSA_WITH_AES_128_CBC_SHA256,TLS_ECDHE_PSK_WITH_AES_128_CBC_SHA,TLS_ECDHE_ECDSA_WITH_AES_256_CBC_SHA,TLS_ECDHE_ECDSA_WITH_AES_256_CBC_SHA384,TLS_ECDHE_RSA_WITH_AES_256_CBC_SHA,TLS_ECDHE_RSA_WITH_AES_256_CBC_SHA384,TLS_ECDHE_PSK_WITH_AES_256_CBC_SHA,TLS_RSA_WITH_AES_128_GCM_SHA256,TLS_RSA_WITH_AES_256_GCM_SHA384,TLS_RSA_WITH_AES_128_CBC_SHA,TLS_RSA_WITH_AES_128_CBC_SHA256,TLS_PSK_WITH_AES_128_CBC_SHA,TLS_RSA_WITH_AES_256_CBC_SHA,TLS_RSA_WITH_AES_256_CBC_SHA256,TLS_PSK_WITH_AES_256_CBC_SHA,SSL_RSA_WITH_3DES_EDE_CBC_SHA,TLS_EMPTY_RENEGOTIATION_INFO_SCSV,TLS_FALLBACK_SCSV}
@General| okhttp3.CipherSuite$1.compare(CipherSuite.java:49) ==> TLS_FALLBACK_SCSV
@General| okhttp3.CipherSuite$1.compare(CipherSuite.java:49) ==> TLS_ECDHE_PSK_WITH_CHACHA20_POLY1305_SHA256
@General| okhttp3.CipherSuite$1.compare(CipherSuite.java:49) ==> TLS_ECDHE_ECDSA_WITH_AES_128_CBC_SHA256
@General| okhttp3.CipherSuite$1.compare(CipherSuite.java:49) ==> TLS_ECDHE_RSA_WITH_AES_128_CBC_SHA256
@General| okhttp3.CipherSuite$1.compare(CipherSuite.java:49) ==> TLS_ECDHE_PSK_WITH_AES_128_CBC_SHA
@General| okhttp3.CipherSuite$1.compare(CipherSuite.java:49) ==> TLS_ECDHE_ECDSA_WITH_AES_256_CBC_SHA384
@General| okhttp3.CipherSuite$1.compare(CipherSuite.java:49) ==> TLS_ECDHE_RSA_WITH_AES_256_CBC_SHA384
@General| okhttp3.CipherSuite$1.compare(CipherSuite.java:49) ==> TLS_ECDHE_PSK_WITH_AES_256_CBC_SHA
@General| okhttp3.CipherSuite$1.compare(CipherSuite.java:49) ==> TLS_RSA_WITH_AES_128_CBC_SHA256
@General| okhttp3.CipherSuite$1.compare(CipherSuite.java:49) ==> TLS_PSK_WITH_AES_128_CBC_SHA
@General| okhttp3.CipherSuite$1.compare(CipherSuite.java:49) ==> TLS_RSA_WITH_AES_256_CBC_SHA256
@General| okhttp3.CipherSuite$1.compare(CipherSuite.java:49) ==> TLS_PSK_WITH_AES_256_CBC_SHA
@General[]| okhttp3.ConnectionSpec.supportedSpec(ConnectionSpec.java:170) ==> new String[]{TLS_ECDHE_ECDSA_WITH_AES_128_GCM_SHA256,TLS_ECDHE_ECDSA_WITH_AES_256_GCM_SHA384,TLS_ECDHE_ECDSA_WITH_CHACHA20_POLY1305_SHA256,TLS_ECDHE_RSA_WITH_AES_128_GCM_SHA256,TLS_ECDHE_RSA_WITH_AES_256_GCM_SHA384,TLS_ECDHE_RSA_WITH_CHACHA20_POLY1305_SHA256,TLS_ECDHE_RSA_WITH_AES_128_CBC_SHA,TLS_ECDHE_RSA_WITH_AES_256_CBC_SHA,TLS_RSA_WITH_AES_128_GCM_SHA256,TLS_RSA_WITH_AES_256_GCM_SHA384,TLS_RSA_WITH_AES_128_CBC_SHA,TLS_RSA_WITH_AES_256_CBC_SHA}
@General[]| okhttp3.ConnectionSpec.supportedSpec(ConnectionSpec.java:171) ==> new String[]{TLSv1,TLSv1.1,TLSv1.2}
@General[]| okhttp3.ConnectionSpec.apply(ConnectionSpec.java:140) ==> new String[]{TLSv1,TLSv1.1,TLSv1.2}
@General[]| okhttp3.ConnectionSpec.apply(ConnectionSpec.java:143) ==> new String[]{TLS_ECDHE_ECDSA_WITH_AES_128_GCM_SHA256,TLS_ECDHE_ECDSA_WITH_AES_256_GCM_SHA384,TLS_ECDHE_ECDSA_WITH_CHACHA20_POLY1305_SHA256,TLS_ECDHE_RSA_WITH_AES_128_GCM_SHA256,TLS_ECDHE_RSA_WITH_AES_256_GCM_SHA384,TLS_ECDHE_RSA_WITH_CHACHA20_POLY1305_SHA256,TLS_ECDHE_RSA_WITH_AES_128_CBC_SHA,TLS_ECDHE_RSA_WITH_AES_256_CBC_SHA,TLS_RSA_WITH_AES_128_GCM_SHA256,TLS_RSA_WITH_AES_256_GCM_SHA384,TLS_RSA_WITH_AES_128_CBC_SHA,TLS_RSA_WITH_AES_256_CBC_SHA}
@General| okhttp3.internal.connection.RealConnection.connectTls(RealConnection.java:313) ==> newrduser.peopletech.cn
@General| okhttp3.internal.platform.OptionalMethod.getMethod(OptionalMethod.java:149) ==> setUseSessionTickets
@General| okhttp3.internal.platform.OptionalMethod.getPublicMethod(OptionalMethod.java:164) ==> setUseSessionTickets
@General| okhttp3.internal.platform.OptionalMethod.getMethod(OptionalMethod.java:149) ==> setHostname
@General| okhttp3.internal.platform.OptionalMethod.getPublicMethod(OptionalMethod.java:164) ==> setHostname
@General| okhttp3.internal.platform.OptionalMethod.getMethod(OptionalMethod.java:149) ==> setAlpnProtocols
@General| okhttp3.internal.platform.OptionalMethod.getPublicMethod(OptionalMethod.java:164) ==> setAlpnProtocols
@General| okhttp3.internal.platform.Platform.concatLengthPrefixed(Platform.java:240->241) ==> h2
@General| okhttp3.internal.platform.Platform.concatLengthPrefixed(Platform.java:240->241) ==> http/1.1
@General| okhttp3.Handshake.get(Handshake.java:51) ==> TLS_ECDHE_RSA_WITH_AES_256_GCM_SHA384
@General| okhttp3.Handshake.get(Handshake.java:51) ==> SSL_NULL_WITH_NULL_NULL
@General| okhttp3.Handshake.get(Handshake.java:56) ==> TLS_ECDHE_RSA_WITH_AES_256_GCM_SHA384
@General| okhttp3.CipherSuite$1.compare(CipherSuite.java:49) ==> TLS_KRB5_EXPORT_WITH_DES_CBC_40_SHA
@General| okhttp3.CipherSuite$1.compare(CipherSuite.java:49) ==> SSL_DH_anon_WITH_RC4_128_MD5
@General| okhttp3.CipherSuite$1.compare(CipherSuite.java:49) ==> TLS_ECDH_ECDSA_WITH_RC4_128_SHA
@General| okhttp3.CipherSuite$1.compare(CipherSuite.java:49) ==> TLS_ECDHE_RSA_WITH_RC4_128_SHA
@General| okhttp3.Handshake.get(Handshake.java:58) ==> TLSv1.2
@General| okhttp3.Handshake.get(Handshake.java:58) ==> NONE
@General| okhttp3.Handshake.get(Handshake.java:61) ==> TLSv1.2
@General| okhttp3.TlsVersion.forJavaName(TlsVersion.java:41) ==> TLSv1.2
@General| okhttp3.internal.connection.RealConnection.connectTls(RealConnection.java:324) ==> newrduser.peopletech.cn
@General| okhttp3.internal.tls.OkHostnameVerifier.verify(OkHostnameVerifier.java:49->56->58) ==> newrduser.peopletech.cn
@General| okhttp3.internal.tls.OkHostnameVerifier.verifyHostname(OkHostnameVerifier.java:77) ==> newrduser.peopletech.cn
@General| okhttp3.internal.tls.OkHostnameVerifier.verifyHostname(OkHostnameVerifier.java:77) ==> *.peopletech.cn
@General| okhttp3.internal.tls.OkHostnameVerifier.verifyHostname(OkHostnameVerifier.java:132) ==> .
@General| okhttp3.internal.tls.OkHostnameVerifier.verifyHostname(OkHostnameVerifier.java:132->133) ==> ..
@General| okhttp3.internal.tls.OkHostnameVerifier.verifyHostname(OkHostnameVerifier.java:137->138) ==> ..
@General| okhttp3.internal.tls.OkHostnameVerifier.verifyHostname(OkHostnameVerifier.java:152) ==> .
@General| okhttp3.internal.tls.OkHostnameVerifier.verifyHostname(OkHostnameVerifier.java:153) ==> newrduser.peopletech.cn
@General| okhttp3.internal.tls.OkHostnameVerifier.verifyHostname(OkHostnameVerifier.java:153) ==> newrduser.peopletech.cn.
@General| okhttp3.internal.tls.OkHostnameVerifier.verifyHostname(OkHostnameVerifier.java:153->155) ==> .
@General| okhttp3.internal.tls.OkHostnameVerifier.verifyHostname(OkHostnameVerifier.java:156->160) ==> *.peopletech.cn.
@General| okhttp3.internal.tls.OkHostnameVerifier.verifyHostname(OkHostnameVerifier.java:165->179->188) ==> *.
@General| okhttp3.internal.tls.OkHostnameVerifier.verifyHostname(OkHostnameVerifier.java:200) ==> .peopletech.cn.
@General| okhttp3.internal.connection.RealConnection.connectTls(RealConnection.java:333) ==> newrduser.peopletech.cn
@General| okhttp3.CertificatePinner.check(CertificatePinner.java:162) ==> newrduser.peopletech.cn
@General| okhttp3.internal.platform.OptionalMethod.getMethod(OptionalMethod.java:149) ==> getAlpnSelectedProtocol
@General| okhttp3.internal.platform.OptionalMethod.getPublicMethod(OptionalMethod.java:164) ==> getAlpnSelectedProtocol
@General| okhttp3.internal.connection.RealConnection.connectTls(RealConnection.java:345) ==> http/1.1
@General| okio.Buffer.readUtf8(Buffer.java:609) ==> HTTP/1.1 200 
@General| okio.Buffer.readUtf8Line(Buffer.java:678) ==> HTTP/1.1 200 
@General| okio.RealBufferedSource.readUtf8LineStrict(RealBufferedSource.java:228) ==> HTTP/1.1 200 
@General| okhttp3.internal.http1.Http1Codec.readHeaderLine(Http1Codec.java:215) ==> HTTP/1.1 200 
@General| okhttp3.internal.http1.Http1Codec.readResponseHeaders(Http1Codec.java:189) ==> HTTP/1.1 200 
@General| okhttp3.internal.http.StatusLine.parse(?:2->51) ==> HTTP/1.
@General| okhttp3.internal.http.StatusLine.parse(StatusLine.java:78->90->93) ==> 
@General| okio.Buffer.readUtf8(Buffer.java:609) ==> Date: Tue, 03 Mar 2026 15:52:01 GMT
@General| okio.Buffer.readUtf8Line(Buffer.java:678) ==> Date: Tue, 03 Mar 2026 15:52:01 GMT
@General| okio.RealBufferedSource.readUtf8LineStrict(RealBufferedSource.java:228) ==> Date: Tue, 03 Mar 2026 15:52:01 GMT
@General| okhttp3.internal.http1.Http1Codec.readHeaderLine(Http1Codec.java:215) ==> Date: Tue, 03 Mar 2026 15:52:01 GMT
@General| okhttp3.internal.http1.Http1Codec.readHeaders(Http1Codec.java:224->225) ==> Date: Tue, 03 Mar 2026 15:52:01 GMT
@General| okhttp3.Headers$Builder.addLenient(?:2->265) ==> :
@General| okhttp3.Headers$Builder.addLenient(Headers.java:267) ==>  Tue, 03 Mar 2026 15:52:01 GMT
@General| okhttp3.Headers$Builder.addLenient(Headers.java:312) ==> Tue, 03 Mar 2026 15:52:01 GMT
@General| okio.Buffer.readUtf8(Buffer.java:609) ==> Content-Type: application/json
@General| okio.Buffer.readUtf8Line(Buffer.java:678) ==> Content-Type: application/json
@General| okio.RealBufferedSource.readUtf8LineStrict(RealBufferedSource.java:228) ==> Content-Type: application/json
@General| okhttp3.internal.http1.Http1Codec.readHeaderLine(Http1Codec.java:215) ==> Content-Type: application/json
@General| okhttp3.internal.http1.Http1Codec.readHeaders(Http1Codec.java:224->225) ==> Content-Type: application/json
@General| okhttp3.Headers$Builder.addLenient(Headers.java:267) ==> Content-Type
@General| okhttp3.Headers$Builder.addLenient(Headers.java:267) ==>  application/json
@General| okio.Buffer.readUtf8(Buffer.java:609) ==> Transfer-Encoding: chunked
@General| okio.Buffer.readUtf8Line(Buffer.java:678) ==> Transfer-Encoding: chunked
@General| okio.RealBufferedSource.readUtf8LineStrict(RealBufferedSource.java:228) ==> Transfer-Encoding: chunked
@General| okhttp3.internal.http1.Http1Codec.readHeaderLine(Http1Codec.java:215) ==> Transfer-Encoding: chunked
@General| okhttp3.internal.http1.Http1Codec.readHeaders(Http1Codec.java:224->225) ==> Transfer-Encoding: chunked
@General| okhttp3.Headers$Builder.addLenient(Headers.java:267) ==> Transfer-Encoding
@General| okhttp3.Headers$Builder.addLenient(Headers.java:267) ==>  chunked
@General| okhttp3.Headers$Builder.addLenient(Headers.java:312) ==> chunked
@General| okio.Buffer.readUtf8(Buffer.java:609) ==> Connection: keep-alive
@General| okio.Buffer.readUtf8Line(Buffer.java:678) ==> Connection: keep-alive
@General| okio.RealBufferedSource.readUtf8LineStrict(RealBufferedSource.java:228) ==> Connection: keep-alive
@General| okhttp3.internal.http1.Http1Codec.readHeaderLine(Http1Codec.java:215) ==> Connection: keep-alive
@General| okhttp3.internal.http1.Http1Codec.readHeaders(Http1Codec.java:224->225) ==> Connection: keep-alive
@General| okhttp3.Headers$Builder.addLenient(Headers.java:267) ==> Connection
@General| okhttp3.Headers$Builder.addLenient(Headers.java:267) ==>  keep-alive
@General| okhttp3.Headers$Builder.addLenient(Headers.java:312) ==> keep-alive
@General| okio.Buffer.readUtf8(Buffer.java:609) ==> Set-Cookie: HWWAFSESID=86e8073a6aaccd8cbd; path=/
@General| okio.Buffer.readUtf8Line(Buffer.java:678) ==> Set-Cookie: HWWAFSESID=86e8073a6aaccd8cbd; path=/
@General| okio.RealBufferedSource.readUtf8LineStrict(RealBufferedSource.java:228) ==> Set-Cookie: HWWAFSESID=86e8073a6aaccd8cbd; path=/
@General| okhttp3.internal.http1.Http1Codec.readHeaderLine(Http1Codec.java:215) ==> Set-Cookie: HWWAFSESID=86e8073a6aaccd8cbd; path=/
@General| okhttp3.internal.http1.Http1Codec.readHeaders(Http1Codec.java:224->225) ==> Set-Cookie: HWWAFSESID=86e8073a6aaccd8cbd; path=/
@General| okhttp3.Headers$Builder.addLenient(Headers.java:267) ==> Set-Cookie
@General| okhttp3.Headers$Builder.addLenient(Headers.java:267) ==>  HWWAFSESID=86e8073a6aaccd8cbd; path=/
@General| okhttp3.Headers$Builder.addLenient(Headers.java:312) ==> HWWAFSESID=86e8073a6aaccd8cbd; path=/
@General| okio.Buffer.readUtf8(Buffer.java:609) ==> Set-Cookie: HWWAFSESTIME=1772553121371; path=/
@General| okio.Buffer.readUtf8Line(Buffer.java:678) ==> Set-Cookie: HWWAFSESTIME=1772553121371; path=/
@General| okio.RealBufferedSource.readUtf8LineStrict(RealBufferedSource.java:228) ==> Set-Cookie: HWWAFSESTIME=1772553121371; path=/
@General| okhttp3.internal.http1.Http1Codec.readHeaderLine(Http1Codec.java:215) ==> Set-Cookie: HWWAFSESTIME=1772553121371; path=/
@General| okhttp3.internal.http1.Http1Codec.readHeaders(Http1Codec.java:224->225) ==> Set-Cookie: HWWAFSESTIME=1772553121371; path=/
@General| okhttp3.Headers$Builder.addLenient(Headers.java:267) ==>  HWWAFSESTIME=1772553121371; path=/
@General| okhttp3.Headers$Builder.addLenient(Headers.java:312) ==> HWWAFSESTIME=1772553121371; path=/
@General| okio.Buffer.readUtf8(Buffer.java:609) ==> Set-Cookie: JSESSIONID=6BD12A48D7CAFC994546E490212A1EE9; HttpOnly
@General| okio.Buffer.readUtf8Line(Buffer.java:678) ==> Set-Cookie: JSESSIONID=6BD12A48D7CAFC994546E490212A1EE9; HttpOnly
@General| okio.RealBufferedSource.readUtf8LineStrict(RealBufferedSource.java:228) ==> Set-Cookie: JSESSIONID=6BD12A48D7CAFC994546E490212A1EE9; HttpOnly
@General| okhttp3.internal.http1.Http1Codec.readHeaderLine(Http1Codec.java:215) ==> Set-Cookie: JSESSIONID=6BD12A48D7CAFC994546E490212A1EE9; HttpOnly
@General| okhttp3.internal.http1.Http1Codec.readHeaders(Http1Codec.java:224->225) ==> Set-Cookie: JSESSIONID=6BD12A48D7CAFC994546E490212A1EE9; HttpOnly
@General| okhttp3.Headers$Builder.addLenient(Headers.java:267) ==>  JSESSIONID=6BD12A48D7CAFC994546E490212A1EE9; HttpOnly
@General| okhttp3.Headers$Builder.addLenient(Headers.java:312) ==> JSESSIONID=6BD12A48D7CAFC994546E490212A1EE9; HttpOnly
@General| okio.Buffer.readUtf8(Buffer.java:609) ==> x-frame-options: SAMEORIGIN
@General| okio.Buffer.readUtf8Line(Buffer.java:678) ==> x-frame-options: SAMEORIGIN
@General| okio.RealBufferedSource.readUtf8LineStrict(RealBufferedSource.java:228) ==> x-frame-options: SAMEORIGIN
@General| okhttp3.internal.http1.Http1Codec.readHeaderLine(Http1Codec.java:215) ==> x-frame-options: SAMEORIGIN
@General| okhttp3.internal.http1.Http1Codec.readHeaders(Http1Codec.java:224->225) ==> x-frame-options: SAMEORIGIN
@General| okhttp3.Headers$Builder.addLenient(Headers.java:267) ==> x-frame-options
@General| okhttp3.Headers$Builder.addLenient(Headers.java:267) ==>  SAMEORIGIN
@General| okhttp3.Headers$Builder.addLenient(Headers.java:312) ==> SAMEORIGIN
@General| okio.Buffer.readUtf8(Buffer.java:609) ==> vary: accept-encoding
@General| okio.Buffer.readUtf8Line(Buffer.java:678) ==> vary: accept-encoding
@General| okio.RealBufferedSource.readUtf8LineStrict(RealBufferedSource.java:228) ==> vary: accept-encoding
@General| okhttp3.internal.http1.Http1Codec.readHeaderLine(Http1Codec.java:215) ==> vary: accept-encoding
@General| okhttp3.internal.http1.Http1Codec.readHeaders(Http1Codec.java:224->225) ==> vary: accept-encoding
@General| okhttp3.Headers$Builder.addLenient(Headers.java:267) ==> vary
@General| okhttp3.Headers$Builder.addLenient(Headers.java:267) ==>  accept-encoding
@General| okhttp3.Headers$Builder.addLenient(Headers.java:312) ==> accept-encoding
@General| okio.Buffer.readUtf8(Buffer.java:609) ==> Content-Encoding: gzip
@General| okio.Buffer.readUtf8Line(Buffer.java:678) ==> Content-Encoding: gzip
@General| okio.RealBufferedSource.readUtf8LineStrict(RealBufferedSource.java:228) ==> Content-Encoding: gzip
@General| okhttp3.internal.http1.Http1Codec.readHeaderLine(Http1Codec.java:215) ==> Content-Encoding: gzip
@General| okhttp3.internal.http1.Http1Codec.readHeaders(Http1Codec.java:224->225) ==> Content-Encoding: gzip
@General| okhttp3.Headers$Builder.addLenient(Headers.java:267) ==> Content-Encoding
@General| okhttp3.Headers$Builder.addLenient(Headers.java:267) ==>  gzip
@General| okio.Buffer.readUtf8(Buffer.java:609) ==> X-Frame-Options: SAMEORIGIN
@General| okio.Buffer.readUtf8Line(Buffer.java:678) ==> X-Frame-Options: SAMEORIGIN
@General| okio.RealBufferedSource.readUtf8LineStrict(RealBufferedSource.java:228) ==> X-Frame-Options: SAMEORIGIN
@General| okhttp3.internal.http1.Http1Codec.readHeaderLine(Http1Codec.java:215) ==> X-Frame-Options: SAMEORIGIN
@General| okhttp3.internal.http1.Http1Codec.readHeaders(Http1Codec.java:224->225) ==> X-Frame-Options: SAMEORIGIN
@General| okhttp3.Headers$Builder.addLenient(Headers.java:267) ==> X-Frame-Options
@General| okio.Buffer.readUtf8(Buffer.java:609) ==> X-Content-Type-Options: nosniff
@General| okio.Buffer.readUtf8Line(Buffer.java:678) ==> X-Content-Type-Options: nosniff
@General| okio.RealBufferedSource.readUtf8LineStrict(RealBufferedSource.java:228) ==> X-Content-Type-Options: nosniff
@General| okhttp3.internal.http1.Http1Codec.readHeaderLine(Http1Codec.java:215) ==> X-Content-Type-Options: nosniff
@General| okhttp3.internal.http1.Http1Codec.readHeaders(Http1Codec.java:224->225) ==> X-Content-Type-Options: nosniff
@General| okhttp3.Headers$Builder.addLenient(Headers.java:267) ==> X-Content-Type-Options
@General| okhttp3.Headers$Builder.addLenient(Headers.java:267) ==>  nosniff
@General| okhttp3.Headers$Builder.addLenient(Headers.java:312) ==> nosniff
@General| okio.Buffer.readUtf8(Buffer.java:609) ==> X-Xss-Protection: 1
@General| okio.Buffer.readUtf8Line(Buffer.java:678) ==> X-Xss-Protection: 1
@General| okio.RealBufferedSource.readUtf8LineStrict(RealBufferedSource.java:228) ==> X-Xss-Protection: 1
@General| okhttp3.internal.http1.Http1Codec.readHeaderLine(Http1Codec.java:215) ==> X-Xss-Protection: 1
@General| okhttp3.internal.http1.Http1Codec.readHeaders(Http1Codec.java:224->225) ==> X-Xss-Protection: 1
@General| okhttp3.Headers$Builder.addLenient(Headers.java:267) ==> X-Xss-Protection
@General| okhttp3.Headers$Builder.addLenient(Headers.java:267) ==>  1
@General| okhttp3.Headers$Builder.addLenient(Headers.java:312) ==> 1
@General| okio.Buffer.readUtf8(Buffer.java:609) ==> X-Xss-Protection: mod=block
@General| okio.Buffer.readUtf8Line(Buffer.java:678) ==> X-Xss-Protection: mod=block
@General| okio.RealBufferedSource.readUtf8LineStrict(RealBufferedSource.java:228) ==> X-Xss-Protection: mod=block
@General| okhttp3.internal.http1.Http1Codec.readHeaderLine(Http1Codec.java:215) ==> X-Xss-Protection: mod=block
@General| okhttp3.internal.http1.Http1Codec.readHeaders(Http1Codec.java:224->225) ==> X-Xss-Protection: mod=block
@General| okhttp3.Headers$Builder.addLenient(Headers.java:267) ==>  mod=block
@General| okhttp3.Headers$Builder.addLenient(Headers.java:312) ==> mod=block
@General| okio.Buffer.readUtf8(Buffer.java:609) ==> Server: CW
@General| okio.Buffer.readUtf8Line(Buffer.java:678) ==> Server: CW
@General| okio.RealBufferedSource.readUtf8LineStrict(RealBufferedSource.java:228) ==> Server: CW
@General| okhttp3.internal.http1.Http1Codec.readHeaderLine(Http1Codec.java:215) ==> Server: CW
@General| okhttp3.internal.http1.Http1Codec.readHeaders(Http1Codec.java:224->225) ==> Server: CW
@General| okhttp3.Headers$Builder.addLenient(Headers.java:267) ==> Server
@General| okhttp3.Headers$Builder.addLenient(Headers.java:267) ==>  CW
@General| okhttp3.Headers$Builder.addLenient(Headers.java:312) ==> CW
@General| okio.Buffer.readString(Buffer.java:621) ==> 
@General| okio.Buffer.readUtf8(Buffer.java:609) ==> 
@General| okio.Buffer.readUtf8Line(Buffer.java:678) ==> 
@General| okio.RealBufferedSource.readUtf8LineStrict(RealBufferedSource.java:228) ==> 
@General| okhttp3.internal.http1.Http1Codec.readHeaderLine(Http1Codec.java:215) ==> 
@General| okhttp3.internal.http1.Http1Codec.readHeaders(Http1Codec.java:224) ==> 
@General| okhttp3.internal.http1.Http1Codec.openResponseBody(Http1Codec.java:134->135) ==> Content-Type
@General| okhttp3.Response.header(Response.java:131) ==> Content-Type
@General[]| okhttp3.Headers.get(Headers.java:63) ==> new String[]{Date,Tue, 03 Mar 2026 15:52:01 GMT,Content-Type,application/json,Transfer-Encoding,chunked,Connection,keep-alive,Set-Cookie,HWWAFSESID=86e8073a6aaccd8cbd; path=/,Set-Cookie,HWWAFSESTIME=1772553121371; path=/,Set-Cookie,JSESSIONID=6BD12A48D7CAFC994546E490212A1EE9; HttpOnly,x-frame-options,SAMEORIGIN,vary,accept-encoding,Content-Encoding,gzip,X-Frame-Options,SAMEORIGIN,X-Content-Type-Options,nosniff,X-Xss-Protection,1,X-Xss-Protection,mod=block,Server,CW}
@General| okhttp3.Headers.get(Headers.java:63) ==> Content-Type
@General| okhttp3.Headers.get(Headers.java:195) ==> Server
@General| okhttp3.Headers.get(Headers.java:195) ==> X-Xss-Protection
@General| okhttp3.Headers.get(Headers.java:195) ==> X-Content-Type-Options
@General| okhttp3.Headers.get(Headers.java:195) ==> X-Frame-Options
@General| okhttp3.Headers.get(Headers.java:195) ==> Content-Encoding
@General| okhttp3.Headers.get(Headers.java:195) ==> vary
@General| okhttp3.Headers.get(Headers.java:195) ==> x-frame-options
@General| okhttp3.Headers.get(Headers.java:195) ==> Set-Cookie
@General| okhttp3.Headers.get(Headers.java:195) ==> Connection
@General| okhttp3.Headers.get(Headers.java:195) ==> Transfer-Encoding
@General| okhttp3.Headers.get(Headers.java:63) ==> application/json
@General| okhttp3.Response.header(Response.java:131->127) ==> application/json
@General| okhttp3.internal.http.HttpHeaders.hasBody(HttpHeaders.java:210) ==> GET
@General| okhttp3.internal.http.HttpHeaders.hasBody(HttpHeaders.java:210) ==> HEAD
@General| okhttp3.internal.http1.Http1Codec.openResponseBody(Http1Codec.java:139) ==> chunked
@General| okhttp3.internal.http1.Http1Codec.openResponseBody(Http1Codec.java:139->142) ==> Transfer-Encoding
@General| okhttp3.Response.header(Response.java:131) ==> Transfer-Encoding
@General| okhttp3.Headers.get(Headers.java:63) ==> Transfer-Encoding
@General| okhttp3.Headers.get(Headers.java:63) ==> chunked
@General| okhttp3.Response.header(Response.java:131->127) ==> chunked
@General| okhttp3.internal.http1.Http1Codec.openResponseBody(Http1Codec.java:144) ==> application/json
@General| okhttp3.internal.http.CallServerInterceptor.intercept(CallServerInterceptor.java:125) ==> close
@General| okhttp3.internal.http.CallServerInterceptor.intercept(CallServerInterceptor.java:128) ==> Connection
@General[]| okhttp3.Headers.get(Headers.java:63) ==> new String[]{ts,1772581919,dataSourceId,100001,appSecret,10a17de23b7c06de149c66e87b6e0587,Content-Type,application/json,User-Agent,Mozilla/5.0 (Linux; Android 9; G011A Build/PI; wv) AppleWebKit/537.36 (KHTML, like Gecko) Version/4.0 Chrome/138.0.7204.179 Mobile Safari/537.36,Host,newrduser.peopletech.cn,Connection,Keep-Alive,Accept-Encoding,gzip}
@General| okhttp3.Headers.get(Headers.java:195) ==> Accept-Encoding
@General| okhttp3.Headers.get(Headers.java:63) ==> Keep-Alive
@General| okhttp3.Request.header(Request.java:61) ==> Keep-Alive
@General| okhttp3.internal.http.CallServerInterceptor.intercept(CallServerInterceptor.java:128) ==> Keep-Alive
@General| okhttp3.internal.http.CallServerInterceptor.intercept(CallServerInterceptor.java:128) ==> close
@General| okhttp3.internal.http.CallServerInterceptor.intercept(CallServerInterceptor.java:129) ==> Connection
@General| okhttp3.Response.header(Response.java:127->131) ==> Connection
@General| okhttp3.Response.header(Response.java:131->127) ==> keep-alive
@General| okhttp3.MediaType.parse(MediaType.java:106) ==> application/json
@General| okhttp3.MediaType.get(MediaType.java:57) ==> application
@General| okhttp3.MediaType.get(MediaType.java:58) ==> json
@General| okhttp3.MediaType.get(MediaType.java:97) ==> application/json
@General| okhttp3.MediaType.get(MediaType.java:97) ==> application
@General| okhttp3.MediaType.get(MediaType.java:97) ==> json
@General| com.peopletech.arms.http.log.RequestInterceptor.isText(RequestInterceptor.java:231->232) ==> application
@General| com.peopletech.arms.http.log.RequestInterceptor.isPlain(RequestInterceptor.java:236->237) ==> json
@General| com.peopletech.arms.http.log.RequestInterceptor.isJson(RequestInterceptor.java:241->242) ==> json
@General| com.peopletech.arms.http.log.RequestInterceptor.printResult(RequestInterceptor.java:156->157) ==> Content-Encoding
@General| okhttp3.Headers.get(Headers.java:63) ==> gzip
@General| com.peopletech.arms.http.log.RequestInterceptor.printResult(RequestInterceptor.java:162) ==> gzip
@General| com.peopletech.arms.http.log.RequestInterceptor.parseContent(?:2->179) ==> UTF-8
@General| com.peopletech.arms.http.log.RequestInterceptor.parseContent(RequestInterceptor.java:184) ==> gzip
@General| com.peopletech.arms.http.log.RequestInterceptor.convertCharset(RequestInterceptor.java:261) ==> UTF-8
@General| com.peopletech.arms.http.log.RequestInterceptor.convertCharset(RequestInterceptor.java:261->262) ==> [
@General| com.peopletech.arms.utils.ZipHelper.decompressForGzip(ZipHelper.java:246) ==> UTF-8
@General| com.peopletech.arms.utils.ZipHelper.decompressForGzip(ZipHelper.java:246) ==> {"code":0,"msg":"验证码已发送，5分钟内有效","etag":1772553121597,"data":null}
@General| com.peopletech.arms.http.log.RequestInterceptor.parseContent(RequestInterceptor.java:185) ==> {"code":0,"msg":"验证码已发送，5分钟内有效","etag":1772553121597,"data":null}
@General| com.peopletech.arms.http.log.RequestInterceptor.intercept(RequestInterceptor.java:109->131) ==> {"code":0,"msg":"验证码已发送，5分钟内有效","etag":1772553121597,"data":null}
@General| okhttp3.Response$Builder.networkResponse(Response.java:391) ==> networkResponse
@General| okhttp3.internal.http.BridgeInterceptor.intercept(BridgeInterceptor.java:98) ==> gzip
@General| okhttp3.internal.http.BridgeInterceptor.intercept(BridgeInterceptor.java:98->101) ==> Content-Encoding
@General| okhttp3.Response.header(Response.java:131) ==> Content-Encoding
@General| okhttp3.Response.header(Response.java:131->127) ==> gzip
@General| okhttp3.internal.http.BridgeInterceptor.intercept(BridgeInterceptor.java:104->105) ==> Content-Encoding
@General| okhttp3.Headers$Builder.removeAll(Headers.java:318) ==> Transfer-Encoding
@General| okhttp3.Headers$Builder.removeAll(Headers.java:318) ==> Set-Cookie
@General| okhttp3.Headers$Builder.removeAll(Headers.java:318) ==> x-frame-options
@General| okhttp3.Headers$Builder.removeAll(Headers.java:318) ==> vary
@General| okhttp3.Headers$Builder.removeAll(Headers.java:318) ==> Content-Encoding
@General| okhttp3.Headers$Builder.removeAll(Headers.java:318) ==> X-Frame-Options
@General| okhttp3.Headers$Builder.removeAll(Headers.java:318) ==> X-Content-Type-Options
@General| okhttp3.Headers$Builder.removeAll(Headers.java:318) ==> X-Xss-Protection
@General| okhttp3.Headers$Builder.removeAll(Headers.java:318) ==> Server
@General| okhttp3.internal.http.BridgeInterceptor.intercept(BridgeInterceptor.java:105->106) ==> Content-Length
@General| okhttp3.internal.http.BridgeInterceptor.intercept(BridgeInterceptor.java:109) ==> Content-Type
@General| okhttp3.internal.http.BridgeInterceptor.intercept(BridgeInterceptor.java:109->110) ==> application/json
@General| okio.GzipSource.consumeHeader(GzipSource.java:119->120) ==> ID1ID2
@General| okio.GzipSource.consumeTrailer(GzipSource.java:173) ==> CRC
@General| okio.GzipSource.consumeTrailer(GzipSource.java:173->174) ==> ISIZE
@General| com.peopletech.commonsdk.utils.ToastUtils.showShort(?:6) ==> 
@General| com.peopletech.commonsdk.utils.ToastUtils.makeText(ToastUtils.java:82->84) ==> layout_inflater
@UIText| com.peopletech.commonsdk.utils.ToastUtils.makeText(ToastUtils.java:87) ==> 验证码发送成功
@General| com.peopletech.commonsdk.utils.ToastUtils.makeText(ToastUtils.java:90) ==> ToastUtils
@General| com.peopletech.commonsdk.utils.ToastUtils.makeText(ToastUtils.java:91) ==> 验证码发送成功
@General| com.peopletech.commonsdk.utils.ToastUtils.makeText(ToastUtils.java:91) ==> ToastUtils
@General| com.umeng.commonsdk.statistics.common.ULog.d(ULog.java:226) ==> --->>> dispatch:handleEvent: call back workEvent with msg type [ 0x1008]
@General| com.umeng.commonsdk.statistics.common.ULog.d(ULog.java:226) ==> --->>> dispatch:handleEvent: call back workEvent with msg type [ 0x1004]
@General| com.umeng.commonsdk.statistics.common.DataHelper.decrypt(?:2->140) ==> AES/CBC/PKCS7Padding
@General| com.umeng.commonsdk.statistics.common.DataHelper.decrypt(DataHelper.java:141) ==> AES
@General| com.mob.mcl.c.j.onStopped(TcpHelper.java:1) ==> com.peopletech.main.mvp.ui.activity.MainActivity@ea1cc7b
@General| com.igexin.push.core.i.onActivityStopped(?:35->38) ==> GALC|
@General| com.igexin.push.core.i.onActivityStopped(?:55) ==> com.peopletech.main.mvp.ui.activity.MainActivity
@General| com.igexin.push.core.i.onActivityStopped(?:63->66) ==>  onAStopp 
@General| com.igexin.push.core.i.onActivityStopped(?:86) ==> GALC|com.peopletech.main.mvp.ui.activity.MainActivity onAStopp 1
@General| cn.jiguang.f.b.a(?:3->6) ==> yyyy-MM-dd_HH:mm:ss
@General| cn.jiguang.f.b.a(?:22) ==> 2026-03-04_07:52:01
@General| cn.jiguang.f.f.a(?:15) ==> push_stat_cache.json
@General| cn.jiguang.f.c.a(?:10) ==> push_stat_cache.json
@General| cn.jiguang.f.c.a(?:4->7) ==> UTF-8
@General| com.tencent.smtt.sdk.WebView.onVisibilityChanged(?:43) ==> com.tencent.mobileqq
@General| com.mob.guard.impl.d.onStopped(SourceFile:1) ==> com.peopletech.usercenter.mvp.ui.activity.LoginActivity@9ade22d
@General| com.mob.mcl.c.j.onStopped(TcpHelper.java:1) ==> com.peopletech.usercenter.mvp.ui.activity.LoginActivity@9ade22d
@General| com.umeng.commonsdk.statistics.common.ULog.i(ULog.java:230) ==> ULog
@General| com.umeng.commonsdk.statistics.common.ULog.i(ULog.java:230) ==> befort ekv map, event is {"id":"$$_onUMengEnterBackground","ts":1772581921387,"__t":2049}
@General| com.umeng.commonsdk.statistics.common.ULog.i(ULog.java:230) ==> ----->>>>>ekv event json is {"id":"$$_onUMengEnterBackground","ts":1772581921387,"__t":2049,"reason":"Normal","activityName":"com.peopletech.usercenter.mvp.ui.activity.LoginActivity@9ade22d","pid":8702,"isMainProcess":1,"pairUUID":"4b168154-f1a0-492e-b3da-2e651a6118c9","__i":"F662DCD3D4EC6A6C22E0EE1A4AC0D503","ds":0,"pn":"com.renda.activity"}
@General| com.mob.commons.a$5.onFBChanged(CltsInitializer.java:465) ==> App goes bg.
@General| com.mob.tools.log.NLog.d(NLog.java:119->121) ==> App goes bg.
@General| com.mob.tools.log.NLog.println(NLog.java:306) ==> 8702-8741(Thread-7) App goes bg.
@General| com.mob.commons.logcollector.DefaultLogsCollector.log(DefaultLogsCollector.java:67) ==> 8702-8741(Thread-7) App goes bg.
@General| cn.jiguang.f.c.a(?:2) ==> /data/user/0/com.renda.activity/files/jpush_stat_history/8ccc860b2b7d64aa6f74e41c
@General| cn.jiguang.f.f.a(?:15) ==> 8ccc860b2b7d64aa6f74e41c
@General| cn.jiguang.f.f.a(?:15) ==> developer-default
@General| cn.jiguang.f.f.a(?:15) ==> 2.2.6
@General| com.igexin.push.core.i.onActivityStopped(?:52->55) ==> com.peopletech.usercenter.mvp.ui.activity.LoginActivity
@General| com.igexin.push.core.i.onActivityStopped(?:86) ==> GALC|com.peopletech.usercenter.mvp.ui.activity.LoginActivity onAStopp 0
@General| com.igexin.push.core.i.onActivityStopped(?:104->109) ==> GALC|>>>>>> on bg
@General| com.umeng.commonsdk.statistics.common.ULog.d(ULog.java:226) ==> --->>> dispatch:handleEvent: call back workEvent with msg type [ 0x1009]
@General| com.umeng.commonsdk.statistics.common.ULog.d(ULog.java:226) ==> --->>> dispatch:handleEvent: call back workEvent with msg type [ 0x1103]
@General| com.umeng.commonsdk.statistics.common.ULog.i(ULog.java:230) ==> befort ekv map, event is {"id":"$$_onUMengEnterForeground","ts":1772581922366,"__t":2049}
@General| com.umeng.commonsdk.statistics.common.ULog.i(ULog.java:230) ==> ----->>>>>ekv event json is {"id":"$$_onUMengEnterForeground","ts":1772581922366,"__t":2049,"activityName":"com.peopletech.main.mvp.ui.activity.MainActivity@ea1cc7b","pid":8702,"isMainProcess":1,"pairUUID":"e99c03e1-9c63-4861-983e-c757e8d1c529","__i":"F662DCD3D4EC6A6C22E0EE1A4AC0D503","ds":0,"pn":"com.renda.activity"}
@General| cn.jiguang.jmlinksdk.b.f.h(?:2->753) ==> jmlink_sdk_config
@General| cn.jiguang.jmlinksdk.b.f.k(SourceFile:127) ==> persistent_data
@General| cn.jiguang.jmlinksdk.b.f.d(SourceFile:295) ==> 
@General| cn.jiguang.jmlinksdk.b.f.d(SourceFile:295) ==> jmlink_sdk_config
@General| cn.jiguang.jmlinksdk.b.f.d(SourceFile:295) ==> {"addr":"https://sdk-jmlink.jpush.cn/","clipPatterns":[],"clipTag":1,"domains":["*.jmlk.co","*.jgmlink.cn","*.jglinks.cn","*.linkjg.cn","*.jgshare.cn"],"gcet":1,"linkTag":4,"refresh":86400,"schemeTag":1,"startTag":0,"code":0}
@General| cn.jiguang.jmlinksdk.b.f.h(SourceFile:753) ==> {"addr":"https://sdk-jmlink.jpush.cn/","clipPatterns":[],"clipTag":1,"domains":["*.jmlk.co","*.jgmlink.cn","*.jglinks.cn","*.linkjg.cn","*.jgshare.cn"],"gcet":1,"linkTag":4,"refresh":86400,"schemeTag":1,"startTag":0,"code":0}
@General| cn.jiguang.jmlinksdk.b.g.b(SourceFile:67->70) ==> {"addr":"https://sdk-jmlink.jpush.cn/","clipPatterns":[],"clipTag":1,"domains":["*.jmlk.co","*.jgmlink.cn","*.jglinks.cn","*.linkjg.cn","*.jgshare.cn"],"gcet":1,"linkTag":4,"refresh":86400,"schemeTag":1,"startTag":0,"code":0}
@General| cn.jiguang.jmlinksdk.b.d.a(SourceFile:490) ==> code
@General| cn.jiguang.jmlinksdk.b.d.a(SourceFile:490) ==> clipPatterns
@General| cn.jiguang.jmlinksdk.b.d.a(SourceFile:490) ==> clipTag
@General| cn.jiguang.jmlinksdk.b.d.a(SourceFile:490) ==> domains
@General| cn.jiguang.jmlinksdk.b.d.a(SourceFile:490) ==> gcet
@General| cn.jiguang.jmlinksdk.b.d.a(SourceFile:490) ==> linkTag
@General| cn.jiguang.jmlinksdk.b.d.a(SourceFile:490) ==> refresh
@General| cn.jiguang.jmlinksdk.b.d.a(SourceFile:490) ==> schemeTag
@General| cn.jiguang.jmlinksdk.b.d.a(SourceFile:490) ==> startTag
@General| cn.jiguang.jmlinksdk.b.d.a(SourceFile:52->60) ==> addr
@General| cn.jiguang.jmlinksdk.b.d.a(SourceFile:61) ==> addr
@General| cn.jiguang.jmlinksdk.b.d.a(SourceFile:61) ==> https://sdk-jmlink.jpush.cn/
@General| cn.jiguang.jmlinksdk.b.d.a(SourceFile:52->94->95) ==> clipPatterns
@General| cn.jiguang.jmlinksdk.b.d.a(SourceFile:69->70) ==> clipTag
@General| cn.jiguang.jmlinksdk.b.d.a(SourceFile:94->95) ==> domains
@General| cn.jiguang.jmlinksdk.b.d.a(SourceFile:69->70) ==> gcet
@General| cn.jiguang.jmlinksdk.b.d.a(SourceFile:69->70) ==> linkTag
@General| cn.jiguang.jmlinksdk.b.d.a(SourceFile:69->70) ==> refresh
@General| cn.jiguang.jmlinksdk.b.d.a(SourceFile:69->70) ==> schemeTag
@General| cn.jiguang.jmlinksdk.b.d.a(SourceFile:69->70) ==> startTag
@General| cn.jiguang.jmlinksdk.b.d.a(SourceFile:69->70) ==> code
@General| com.uc.crashsdk.a.a.a(ProGuard:51) ==> crashsdk
@General| com.uc.crashsdk.a.a.a(ProGuard:51) ==> Unexp log not enabled, skip update unexp info!
@General| com.igexin.push.core.i.onActivityStarted(?:24->27) ==> GALC|
@General| com.igexin.push.core.i.onActivityStarted(?:49->52) ==>  onAStart 
@General| com.igexin.push.core.i.onActivityStarted(?:85->90) ==> GALC|>>>>>> FG
@General| com.igexin.push.f.j.a(?:12) ==> i
@General| com.igexin.push.core.i.onActivityStarted(?:130->135) ==> action
@General| com.igexin.push.core.i.onActivityStarted(?:159->164) ==> GALC|on fg, start>>>>>>
@General| com.igexin.push.f.c.h(?:15) ==> ,
@General| com.igexin.push.f.c.h(?:30) ==> |
@General| com.igexin.push.f.c.h(?:41) ==> ~
@General| com.igexin.push.f.c.h(?:52->55->68->71) ==> |
@General| com.igexin.push.f.c.h(?:89) ==> ~
@General| com.igexin.push.f.c.h(?:102) ==> 26
@General| com.igexin.push.f.c.h(?:111) ==> 100
@General| com.igexin.push.f.c.h(?:120) ==> vivo
@General| com.igexin.push.core.i.onActivityStarted(?:41) ==> com.peopletech.usercenter.mvp.ui.activity.LoginActivity
@General| com.igexin.push.core.i.onActivityStarted(?:70) ==> GALC|com.peopletech.usercenter.mvp.ui.activity.LoginActivity onAStart 1